09/01/2015 22:59:20 Construction personnage : ID:1; nom : Caporal; lvl : 11
09/01/2015 22:59:20 Construction personnage : ID:6; nom : Chausson 6; lvl : 1
09/01/2015 22:59:20 Construction personnage : ID:7; nom : Chausson 7; lvl : 1
09/01/2015 22:59:20 Construction personnage : ID:5; nom : Chausson 5; lvl : 2
09/01/2015 22:59:22 Creation personnage : ...
09/01/2015 22:59:22 Construction personnage : ID:9001; nom : Monster 1; lvl : 1
09/01/2015 22:59:22 Creation personnage : ...
09/01/2015 22:59:22 Construction personnage : ID:9002; nom : Monster 2; lvl : 3
09/01/2015 22:59:22 Creation personnage : ...
09/01/2015 22:59:22 Construction personnage : ID:9003; nom : Monster 3; lvl : 4
09/01/2015 22:59:22 Creation personnage : ...
09/01/2015 22:59:22 Construction personnage : ID:9004; nom : Monster 4; lvl : 5
09/01/2015 22:59:22 ID :1	 | Retrait de mp : 35 - 1 = 34mp
09/01/2015 22:59:22 ID :1	 | Attaque 1 infligeant 23hp
09/01/2015 22:59:22 ID :9001	 | Degats à infligés avant reduction : 34.5hp
09/01/2015 22:59:22 ID :9001	 | Retrait d'hp : 35 - 35 = 0hp
09/01/2015 22:59:22 ID :9001	 | Mort ...
09/01/2015 22:59:22 ID :9002	 | Retrait de mp : 15 - 1 = 14mp
09/01/2015 22:59:22 ID :9002	 | Attaque 1 infligeant 2hp
09/01/2015 22:59:22 ID :1	 | Degats à infligés avant reduction : 2hp
09/01/2015 22:59:22 ID :1	 | Retrait d'hp : 3 - 2 = 1hp
09/01/2015 22:59:22 ID :9003	 | Retrait de mp : 20 - 1 = 19mp
09/01/2015 22:59:22 ID :9003	 | Attaque 1 infligeant 4hp
09/01/2015 22:59:22 ID :1	 | Degats à infligés avant reduction : 4hp
09/01/2015 22:59:22 ID :1	 | Retrait d'hp : 1 - 1 = 0hp
09/01/2015 22:59:22 ID :1	 | Mort ...
09/01/2015 22:59:40 Creation personnage : ...
09/01/2015 22:59:40 Construction Personnage : ID:9001; nom : Monster 1; lvl : 2
09/01/2015 22:59:40 Creation personnage : ...
09/01/2015 22:59:40 Construction Personnage : ID:9002; nom : Monster 2; lvl : 3
09/01/2015 22:59:40 Creation personnage : ...
09/01/2015 22:59:40 Construction Personnage : ID:9003; nom : Monster 3; lvl : 1
09/01/2015 22:59:40 Creation personnage : ...
09/01/2015 22:59:40 Construction Personnage : ID:9004; nom : Monster 4; lvl : 2
09/01/2015 22:59:40 Creation personnage : ...
09/01/2015 22:59:40 Construction Personnage : ID:9005; nom : Monster 5; lvl : 4
09/01/2015 22:59:45 Creation personnage : ...
09/01/2015 22:59:45 Construction Personnage : ID:9001; nom : Monster 1; lvl : 1
09/01/2015 22:59:45 Creation personnage : ...
09/01/2015 22:59:45 Construction Personnage : ID:9002; nom : Monster 2; lvl : 1
09/01/2015 22:59:45 Creation personnage : ...
09/01/2015 22:59:45 Construction Personnage : ID:9003; nom : Monster 3; lvl : 3
09/01/2015 22:59:45 Creation personnage : ...
09/01/2015 22:59:45 Construction Personnage : ID:9004; nom : Monster 4; lvl : 5
09/01/2015 22:59:45 Creation personnage : ...
09/01/2015 22:59:45 Construction Personnage : ID:9005; nom : Monster 5; lvl : 2
09/01/2015 22:59:48 Creation personnage : ...
09/01/2015 22:59:48 Construction Personnage : ID:9001; nom : Monster 1; lvl : 2
09/01/2015 22:59:48 Creation personnage : ...
09/01/2015 22:59:48 Construction Personnage : ID:9002; nom : Monster 2; lvl : 3
09/01/2015 22:59:48 Creation personnage : ...
09/01/2015 22:59:48 Construction Personnage : ID:9003; nom : Monster 3; lvl : 2
09/01/2015 22:59:48 Creation personnage : ...
09/01/2015 22:59:48 Construction Personnage : ID:9004; nom : Monster 4; lvl : 1
09/01/2015 22:59:48 Creation personnage : ...
09/01/2015 22:59:48 Construction Personnage : ID:9005; nom : Monster 5; lvl : 1
09/01/2015 22:59:48 Creation personnage : ...
09/01/2015 22:59:48 Construction Personnage : ID:9006; nom : Monster 6; lvl : 2
09/01/2015 22:59:48 Creation personnage : ...
09/01/2015 22:59:48 Construction Personnage : ID:9007; nom : Monster 1; lvl : 1
09/01/2015 22:59:48 Creation personnage : ...
09/01/2015 22:59:48 Construction Personnage : ID:9008; nom : Monster 2; lvl : 5
09/01/2015 22:59:48 Creation personnage : ...
09/01/2015 22:59:49 Construction Personnage : ID:9009; nom : Monster 3; lvl : 4
09/01/2015 22:59:49 Creation personnage : ...
09/01/2015 22:59:49 Construction Personnage : ID:9010; nom : Monster 4; lvl : 5
09/01/2015 22:59:51 Construction Personnage : ID:6; nom : Chausson 6; lvl : 1
09/01/2015 22:59:51 Construction Personnage : ID:7; nom : Chausson 7; lvl : 1
09/01/2015 22:59:51 Construction Personnage : ID:5; nom : Chausson 5; lvl : 2
09/01/2015 22:59:51 Construction Personnage : ID:1; nom : Caporal; lvl : 11
09/01/2015 22:59:52 Construction Personnage : ID:6; nom : Chausson 6; lvl : 1
09/01/2015 22:59:52 Construction Personnage : ID:7; nom : Chausson 7; lvl : 1
09/01/2015 22:59:52 Construction Personnage : ID:5; nom : Chausson 5; lvl : 2
09/01/2015 22:59:52 Construction Personnage : ID:1; nom : Caporal; lvl : 11
09/01/2015 22:59:54 Construction Personnage : ID:6; nom : Chausson 6; lvl : 1
09/01/2015 22:59:54 Construction Personnage : ID:7; nom : Chausson 7; lvl : 1
09/01/2015 22:59:54 Construction Personnage : ID:5; nom : Chausson 5; lvl : 2
09/01/2015 22:59:54 Construction Personnage : ID:1; nom : Caporal; lvl : 11
09/01/2015 22:59:55 Construction Personnage : ID:1; nom : Caporal; lvl : 11
09/01/2015 22:59:55 Construction Personnage : ID:6; nom : Chausson 6; lvl : 1
09/01/2015 22:59:55 Construction Personnage : ID:7; nom : Chausson 7; lvl : 1
09/01/2015 22:59:55 Construction Personnage : ID:5; nom : Chausson 5; lvl : 2
09/01/2015 22:59:56 Construction Personnage : ID:1; nom : Caporal; lvl : 11
09/01/2015 22:59:56 Construction Personnage : ID:6; nom : Chausson 6; lvl : 1
09/01/2015 22:59:56 Construction Personnage : ID:7; nom : Chausson 7; lvl : 1
09/01/2015 22:59:56 Construction Personnage : ID:5; nom : Chausson 5; lvl : 2
09/01/2015 22:59:56 Construction Personnage : ID:5; nom : Chausson 5; lvl : 2
09/01/2015 22:59:56 Construction Personnage : ID:1; nom : Caporal; lvl : 11
09/01/2015 22:59:56 Construction Personnage : ID:6; nom : Chausson 6; lvl : 1
09/01/2015 22:59:56 Construction Personnage : ID:7; nom : Chausson 7; lvl : 1
09/01/2015 23:00:00 ID :5	 | Ajout d'hp : 0 + 20 = 20hp
09/01/2015 23:00:00 ID :5	 | Ajout de mp : 0 + 10 = 10mp
09/01/2015 23:00:00 ID :1	 | Ajout d'hp : 0 + 180 = 180hp
09/01/2015 23:00:00 ID :1	 | Ajout de mp : 0 + 65 = 65mp
09/01/2015 23:00:02 ID :9002	 | Retrait de mp : 5 - 1 = 4mp
09/01/2015 23:00:02 ID :9002	 | Attaque 1 infligeant 1hp
09/01/2015 23:00:02 ID :5	 | Degats à infligés avant reduction : 1.5hp
09/01/2015 23:00:02 ID :5	 | Retrait d'hp : 20 - 2 = 18hp
14/01/2015 19:29:00 Construction Personnage : ID:5; nom : Chausson 5; lvl : 2
14/01/2015 19:29:00 Construction Personnage : ID:1; nom : Caporal; lvl : 11
14/01/2015 19:29:00 Construction Personnage : ID:6; nom : Chausson 6; lvl : 1
14/01/2015 19:29:00 Construction Personnage : ID:7; nom : Chausson 7; lvl : 1
14/01/2015 19:29:00 Creation personnage : ...
14/01/2015 19:29:00 Construction Personnage : ID:9001; nom : Monster 1; lvl : 5
14/01/2015 19:29:00 Creation personnage : ...
14/01/2015 19:29:00 Construction Personnage : ID:9002; nom : Monster 2; lvl : 5
14/01/2015 19:29:00 Creation personnage : ...
14/01/2015 19:29:00 Construction Personnage : ID:9003; nom : Monster 3; lvl : 3
14/01/2015 19:29:08 Construction Personnage : ID:5; nom : Chausson 5; lvl : 2
14/01/2015 19:29:08 Construction Personnage : ID:1; nom : Caporal; lvl : 11
14/01/2015 19:29:08 Construction Personnage : ID:6; nom : Chausson 6; lvl : 1
14/01/2015 19:29:08 Construction Personnage : ID:7; nom : Chausson 7; lvl : 1
14/01/2015 21:20:31 Construction Personnage : ID:5; nom : Chausson 5; lvl : 2
14/01/2015 21:20:31 Construction Personnage : ID:1; nom : Caporal; lvl : 11
14/01/2015 21:20:31 Construction Personnage : ID:6; nom : Chausson 6; lvl : 1
14/01/2015 21:20:31 Construction Personnage : ID:7; nom : Chausson 7; lvl : 1
14/01/2015 21:20:32 Construction Personnage : ID:5; nom : Chausson 5; lvl : 2
14/01/2015 21:20:32 Construction Personnage : ID:1; nom : Caporal; lvl : 11
14/01/2015 21:20:32 Construction Personnage : ID:6; nom : Chausson 6; lvl : 1
14/01/2015 21:20:32 Construction Personnage : ID:7; nom : Chausson 7; lvl : 1
14/01/2015 21:20:50 Construction Personnage : ID:5; nom : Chausson 5; lvl : 2
14/01/2015 21:20:50 Construction Personnage : ID:1; nom : Caporal; lvl : 11
14/01/2015 21:20:50 Construction Personnage : ID:6; nom : Chausson 6; lvl : 1
14/01/2015 21:20:50 Construction Personnage : ID:7; nom : Chausson 7; lvl : 1
14/01/2015 21:20:52 Construction Personnage : ID:5; nom : Chausson 5; lvl : 2
14/01/2015 21:20:52 Construction Personnage : ID:1; nom : Caporal; lvl : 11
14/01/2015 21:20:52 Construction Personnage : ID:6; nom : Chausson 6; lvl : 1
14/01/2015 21:20:52 Construction Personnage : ID:7; nom : Chausson 7; lvl : 1
14/01/2015 21:22:21 Construction Personnage : ID:5; nom : Chausson 5; lvl : 2
14/01/2015 21:22:21 Construction Personnage : ID:1; nom : Caporal; lvl : 11
14/01/2015 21:22:21 Construction Personnage : ID:6; nom : Chausson 6; lvl : 1
14/01/2015 21:22:21 Construction Personnage : ID:7; nom : Chausson 7; lvl : 1
14/01/2015 21:22:23 Construction Personnage : ID:5; nom : Chausson 5; lvl : 2
14/01/2015 21:22:23 Construction Personnage : ID:1; nom : Caporal; lvl : 11
14/01/2015 21:22:23 Construction Personnage : ID:6; nom : Chausson 6; lvl : 1
14/01/2015 21:22:23 Construction Personnage : ID:7; nom : Chausson 7; lvl : 1
14/01/2015 21:22:48 Construction Personnage : ID:5; nom : Chausson 5; lvl : 2
14/01/2015 21:22:48 Construction Personnage : ID:1; nom : Caporal; lvl : 11
14/01/2015 21:22:48 Construction Personnage : ID:6; nom : Chausson 6; lvl : 1
14/01/2015 21:22:48 Construction Personnage : ID:7; nom : Chausson 7; lvl : 1
14/01/2015 21:24:35 Construction Personnage : ID:5; nom : Chausson 5; lvl : 2
14/01/2015 21:24:35 Construction Personnage : ID:1; nom : Caporal; lvl : 11
14/01/2015 21:24:35 Construction Personnage : ID:6; nom : Chausson 6; lvl : 1
14/01/2015 21:24:35 Construction Personnage : ID:7; nom : Chausson 7; lvl : 1
14/01/2015 21:25:14 Construction Personnage : ID:5; nom : Chausson 5; lvl : 2
14/01/2015 21:25:14 Construction Personnage : ID:1; nom : Caporal; lvl : 11
14/01/2015 21:25:14 Construction Personnage : ID:6; nom : Chausson 6; lvl : 1
14/01/2015 21:25:14 Construction Personnage : ID:7; nom : Chausson 7; lvl : 1
14/01/2015 21:25:30 Construction Personnage : ID:5; nom : Chausson 5; lvl : 2
14/01/2015 21:25:30 Construction Personnage : ID:1; nom : Caporal; lvl : 11
14/01/2015 21:25:30 Construction Personnage : ID:6; nom : Chausson 6; lvl : 1
14/01/2015 21:25:30 Construction Personnage : ID:7; nom : Chausson 7; lvl : 1
14/01/2015 21:26:18 Construction Personnage : ID:5; nom : Chausson 5; lvl : 2
14/01/2015 21:26:18 Construction Personnage : ID:1; nom : Caporal; lvl : 11
14/01/2015 21:26:18 Construction Personnage : ID:6; nom : Chausson 6; lvl : 1
14/01/2015 21:26:18 Construction Personnage : ID:7; nom : Chausson 7; lvl : 1
14/01/2015 21:31:15 Construction Personnage : ID:5; nom : Chausson 5; lvl : 2
14/01/2015 21:31:15 Construction Personnage : ID:1; nom : Caporal; lvl : 11
14/01/2015 21:31:15 Construction Personnage : ID:6; nom : Chausson 6; lvl : 1
14/01/2015 21:31:15 Construction Personnage : ID:7; nom : Chausson 7; lvl : 1
14/01/2015 21:31:49 Construction Personnage : ID:5; nom : Chausson 5; lvl : 2
14/01/2015 21:31:49 Construction Personnage : ID:1; nom : Caporal; lvl : 11
14/01/2015 21:31:49 Construction Personnage : ID:6; nom : Chausson 6; lvl : 1
14/01/2015 21:31:49 Construction Personnage : ID:7; nom : Chausson 7; lvl : 1
14/01/2015 21:37:06 Construction Personnage : ID:5; nom : Chausson 5; lvl : 2
14/01/2015 21:37:06 Construction Personnage : ID:1; nom : Caporal; lvl : 11
14/01/2015 21:37:06 Construction Personnage : ID:6; nom : Chausson 6; lvl : 1
14/01/2015 21:37:06 Construction Personnage : ID:7; nom : Chausson 7; lvl : 1
14/01/2015 21:37:14 Construction Personnage : ID:5; nom : Chausson 5; lvl : 2
14/01/2015 21:37:14 Construction Personnage : ID:1; nom : Caporal; lvl : 11
14/01/2015 21:37:14 Construction Personnage : ID:6; nom : Chausson 6; lvl : 1
14/01/2015 21:37:14 Construction Personnage : ID:7; nom : Chausson 7; lvl : 1
14/01/2015 21:37:47 Construction Personnage : ID:5; nom : Chausson 5; lvl : 2
14/01/2015 21:37:47 Construction Personnage : ID:1; nom : Caporal; lvl : 11
14/01/2015 21:37:47 Construction Personnage : ID:6; nom : Chausson 6; lvl : 1
14/01/2015 21:37:47 Construction Personnage : ID:7; nom : Chausson 7; lvl : 1
14/01/2015 21:38:09 Construction Personnage : ID:5; nom : Chausson 5; lvl : 2
14/01/2015 21:38:09 Construction Personnage : ID:1; nom : Caporal; lvl : 11
14/01/2015 21:38:09 Construction Personnage : ID:6; nom : Chausson 6; lvl : 1
14/01/2015 21:38:09 Construction Personnage : ID:7; nom : Chausson 7; lvl : 1
14/01/2015 21:38:17 Construction Personnage : ID:5; nom : Chausson 5; lvl : 2
14/01/2015 21:38:17 Construction Personnage : ID:1; nom : Caporal; lvl : 11
14/01/2015 21:38:17 Construction Personnage : ID:6; nom : Chausson 6; lvl : 1
14/01/2015 21:38:17 Construction Personnage : ID:7; nom : Chausson 7; lvl : 1
14/01/2015 22:02:18 Creation personnage : ...
14/01/2015 22:02:18 Construction Personnage : ID:9001; nom : Monster 1; lvl : 6
14/01/2015 22:02:18 Creation personnage : ...
14/01/2015 22:02:18 Construction Personnage : ID:9002; nom : Monster 2; lvl : 4
14/01/2015 22:02:18 Creation personnage : ...
14/01/2015 22:02:18 Construction Personnage : ID:9003; nom : Monster 3; lvl : 4
14/01/2015 22:02:18 Creation personnage : ...
14/01/2015 22:02:18 Construction Personnage : ID:9004; nom : Monster 1; lvl : 6
14/01/2015 22:02:18 Creation personnage : ...
14/01/2015 22:02:19 Construction Personnage : ID:9005; nom : Monster 2; lvl : 5
14/01/2015 22:02:19 Creation personnage : ...
14/01/2015 22:02:19 Construction Personnage : ID:9006; nom : Monster 3; lvl : 4
14/01/2015 22:02:19 Creation personnage : ...
14/01/2015 22:02:19 Construction Personnage : ID:9007; nom : Monster 1; lvl : 2
14/01/2015 22:02:19 Creation personnage : ...
14/01/2015 22:02:19 Construction Personnage : ID:9008; nom : Monster 2; lvl : 2
14/01/2015 22:02:19 Creation personnage : ...
14/01/2015 22:02:19 Construction Personnage : ID:9009; nom : Monster 3; lvl : 2
14/01/2015 22:02:19 Creation personnage : ...
14/01/2015 22:02:19 Construction Personnage : ID:9010; nom : Monster 4; lvl : 1
14/01/2015 22:02:19 Creation personnage : ...
14/01/2015 22:02:19 Construction Personnage : ID:9011; nom : Monster 5; lvl : 3
14/01/2015 22:02:19 Creation personnage : ...
14/01/2015 22:02:19 Construction Personnage : ID:9012; nom : Monster 6; lvl : 1
14/01/2015 22:02:19 Creation personnage : ...
14/01/2015 22:02:19 Construction Personnage : ID:9013; nom : Monster 1; lvl : 2
14/01/2015 22:02:19 Creation personnage : ...
14/01/2015 22:02:19 Construction Personnage : ID:9014; nom : Monster 2; lvl : 3
14/01/2015 22:02:19 Creation personnage : ...
14/01/2015 22:02:19 Construction Personnage : ID:9015; nom : Monster 3; lvl : 1
14/01/2015 22:02:19 Creation personnage : ...
14/01/2015 22:02:19 Construction Personnage : ID:9016; nom : Monster 4; lvl : 4
14/01/2015 22:02:19 Creation personnage : ...
14/01/2015 22:02:19 Construction Personnage : ID:9017; nom : Monster 5; lvl : 3
14/01/2015 22:02:19 Creation personnage : ...
14/01/2015 22:02:19 Construction Personnage : ID:9018; nom : Monster 1; lvl : 5
14/01/2015 22:02:19 Creation personnage : ...
14/01/2015 22:02:19 Construction Personnage : ID:9019; nom : Monster 2; lvl : 5
14/01/2015 22:02:19 Creation personnage : ...
14/01/2015 22:02:19 Construction Personnage : ID:9020; nom : Monster 1; lvl : 1
14/01/2015 22:02:19 Creation personnage : ...
14/01/2015 22:02:19 Construction Personnage : ID:9021; nom : Monster 2; lvl : 3
14/01/2015 22:02:19 Creation personnage : ...
14/01/2015 22:02:19 Construction Personnage : ID:9022; nom : Monster 3; lvl : 4
14/01/2015 22:02:19 Creation personnage : ...
14/01/2015 22:02:19 Construction Personnage : ID:9023; nom : Monster 4; lvl : 2
14/01/2015 22:02:19 Creation personnage : ...
14/01/2015 22:02:19 Construction Personnage : ID:9024; nom : Monster 1; lvl : 1
14/01/2015 22:02:19 Creation personnage : ...
14/01/2015 22:02:19 Construction Personnage : ID:9025; nom : Monster 2; lvl : 2
14/01/2015 22:02:19 Creation personnage : ...
14/01/2015 22:02:19 Construction Personnage : ID:9026; nom : Monster 3; lvl : 1
14/01/2015 22:02:19 Creation personnage : ...
14/01/2015 22:02:20 Construction Personnage : ID:9027; nom : Monster 4; lvl : 2
14/01/2015 22:02:20 Creation personnage : ...
14/01/2015 22:02:20 Construction Personnage : ID:9028; nom : Monster 5; lvl : 2
14/01/2015 22:02:20 Creation personnage : ...
14/01/2015 22:02:20 Construction Personnage : ID:9029; nom : Monster 6; lvl : 3
14/01/2015 22:02:20 Creation personnage : ...
14/01/2015 22:02:20 Construction Personnage : ID:9030; nom : Monster 7; lvl : 4
14/01/2015 22:02:20 Creation personnage : ...
14/01/2015 22:02:20 Construction Personnage : ID:9031; nom : Monster 1; lvl : 4
14/01/2015 22:02:20 Creation personnage : ...
14/01/2015 22:02:20 Construction Personnage : ID:9032; nom : Monster 2; lvl : 3
14/01/2015 22:02:20 Creation personnage : ...
14/01/2015 22:02:20 Construction Personnage : ID:9033; nom : Monster 3; lvl : 6
14/01/2015 22:02:20 Creation personnage : ...
14/01/2015 22:02:20 Construction Personnage : ID:9034; nom : Monster 1; lvl : 7
14/01/2015 22:02:20 Creation personnage : ...
14/01/2015 22:02:20 Construction Personnage : ID:9035; nom : Monster 2; lvl : 7
14/01/2015 22:02:20 Creation personnage : ...
14/01/2015 22:02:20 Construction Personnage : ID:9036; nom : Monster 1; lvl : 3
14/01/2015 22:02:20 Creation personnage : ...
14/01/2015 22:02:20 Construction Personnage : ID:9037; nom : Monster 2; lvl : 2
14/01/2015 22:02:20 Creation personnage : ...
14/01/2015 22:02:20 Construction Personnage : ID:9038; nom : Monster 3; lvl : 6
14/01/2015 22:02:20 Creation personnage : ...
14/01/2015 22:02:20 Construction Personnage : ID:9039; nom : Monster 4; lvl : 1
14/01/2015 22:02:20 Creation personnage : ...
14/01/2015 22:02:20 Construction Personnage : ID:9040; nom : Monster 5; lvl : 6
14/01/2015 22:02:20 Creation personnage : ...
14/01/2015 22:02:20 Construction Personnage : ID:9041; nom : Monster 1; lvl : 2
14/01/2015 22:02:20 Creation personnage : ...
14/01/2015 22:02:20 Construction Personnage : ID:9042; nom : Monster 2; lvl : 2
14/01/2015 22:02:20 Creation personnage : ...
14/01/2015 22:02:20 Construction Personnage : ID:9043; nom : Monster 3; lvl : 7
14/01/2015 22:02:20 Creation personnage : ...
14/01/2015 22:02:20 Construction Personnage : ID:9044; nom : Monster 4; lvl : 4
14/01/2015 22:02:20 Creation personnage : ...
14/01/2015 22:02:20 Construction Personnage : ID:9045; nom : Monster 5; lvl : 5
14/01/2015 22:02:20 Creation personnage : ...
14/01/2015 22:02:20 Construction Personnage : ID:9046; nom : Monster 1; lvl : 5
14/01/2015 22:02:20 Creation personnage : ...
14/01/2015 22:02:20 Construction Personnage : ID:9047; nom : Monster 2; lvl : 8
14/01/2015 22:02:20 Creation personnage : ...
14/01/2015 22:02:21 Construction Personnage : ID:9048; nom : Monster 3; lvl : 2
14/01/2015 22:02:21 Creation personnage : ...
14/01/2015 22:02:21 Construction Personnage : ID:9049; nom : Monster 4; lvl : 2
14/01/2015 22:02:32 Construction Personnage : ID:5; nom : Chausson 5; lvl : 2
14/01/2015 22:02:32 Construction Personnage : ID:1; nom : Caporal; lvl : 11
14/01/2015 22:02:32 Construction Personnage : ID:6; nom : Chausson 6; lvl : 1
14/01/2015 22:02:32 Construction Personnage : ID:7; nom : Chausson 7; lvl : 1
14/01/2015 22:02:35 Construction Personnage : ID:5; nom : Chausson 5; lvl : 2
14/01/2015 22:02:35 Construction Personnage : ID:1; nom : Caporal; lvl : 11
14/01/2015 22:02:35 Construction Personnage : ID:6; nom : Chausson 6; lvl : 1
14/01/2015 22:02:35 Construction Personnage : ID:7; nom : Chausson 7; lvl : 1
14/01/2015 22:02:38 Construction Personnage : ID:5; nom : Chausson 5; lvl : 2
14/01/2015 22:02:38 Construction Personnage : ID:1; nom : Caporal; lvl : 11
14/01/2015 22:02:38 Construction Personnage : ID:6; nom : Chausson 6; lvl : 1
14/01/2015 22:02:38 Construction Personnage : ID:7; nom : Chausson 7; lvl : 1
14/01/2015 22:02:38 Construction Personnage : ID:5; nom : Chausson 5; lvl : 2
14/01/2015 22:02:38 Construction Personnage : ID:6; nom : Chausson 6; lvl : 1
14/01/2015 22:02:38 Construction Personnage : ID:7; nom : Chausson 7; lvl : 1
14/01/2015 22:02:38 Construction Personnage : ID:1; nom : Caporal; lvl : 11
14/01/2015 22:02:42 Creation personnage : ...
14/01/2015 22:02:42 Construction Personnage : ID:9001; nom : Monster 1; lvl : 1
14/01/2015 22:02:42 Creation personnage : ...
14/01/2015 22:02:42 Construction Personnage : ID:9002; nom : Monster 2; lvl : 1
14/01/2015 22:02:42 Creation personnage : ...
14/01/2015 22:02:42 Construction Personnage : ID:9003; nom : Monster 1; lvl : 1
14/01/2015 22:02:42 Creation personnage : ...
14/01/2015 22:02:42 Construction Personnage : ID:9004; nom : Monster 1; lvl : 1
14/01/2015 22:02:42 Creation personnage : ...
14/01/2015 22:02:42 Construction Personnage : ID:9005; nom : Monster 2; lvl : 1
14/01/2015 22:02:42 Creation personnage : ...
14/01/2015 22:02:42 Construction Personnage : ID:9006; nom : Monster 1; lvl : 1
14/01/2015 22:02:42 Creation personnage : ...
14/01/2015 22:02:42 Construction Personnage : ID:9007; nom : Monster 2; lvl : 1
14/01/2015 22:02:42 Creation personnage : ...
14/01/2015 22:02:42 Construction Personnage : ID:9008; nom : Monster 3; lvl : 1
14/01/2015 22:02:42 Creation personnage : ...
14/01/2015 22:02:42 Construction Personnage : ID:9009; nom : Monster 1; lvl : 1
14/01/2015 22:02:42 Creation personnage : ...
14/01/2015 22:02:42 Construction Personnage : ID:9010; nom : Monster 2; lvl : 1
14/01/2015 22:02:42 Creation personnage : ...
14/01/2015 22:02:42 Construction Personnage : ID:9011; nom : Monster 3; lvl : 2
14/01/2015 22:02:42 Creation personnage : ...
14/01/2015 22:02:42 Construction Personnage : ID:9012; nom : Monster 1; lvl : 1
14/01/2015 22:02:42 Creation personnage : ...
14/01/2015 22:02:42 Construction Personnage : ID:9013; nom : Monster 2; lvl : 1
14/01/2015 22:02:42 Creation personnage : ...
14/01/2015 22:02:42 Construction Personnage : ID:9014; nom : Monster 3; lvl : 1
14/01/2015 22:02:42 Creation personnage : ...
14/01/2015 22:02:42 Construction Personnage : ID:9015; nom : Monster 4; lvl : 2
14/01/2015 22:02:42 Creation personnage : ...
14/01/2015 22:02:42 Construction Personnage : ID:9016; nom : Monster 1; lvl : 3
14/01/2015 22:02:42 Creation personnage : ...
14/01/2015 22:02:42 Construction Personnage : ID:9017; nom : Monster 2; lvl : 1
14/01/2015 22:02:42 Creation personnage : ...
14/01/2015 22:02:43 Construction Personnage : ID:9018; nom : Monster 3; lvl : 2
14/01/2015 22:04:07 Creation personnage : ...
14/01/2015 22:04:07 Construction Personnage : ID:9001; nom : Monster 1; lvl : 1
14/01/2015 22:04:07 Creation personnage : ...
14/01/2015 22:04:07 Construction Personnage : ID:9002; nom : Monster 2; lvl : 1
14/01/2015 22:04:07 Creation personnage : ...
14/01/2015 22:04:07 Construction Personnage : ID:9003; nom : Monster 1; lvl : 1
14/01/2015 22:04:07 Creation personnage : ...
14/01/2015 22:04:07 Construction Personnage : ID:9004; nom : Monster 1; lvl : 1
14/01/2015 22:04:07 Creation personnage : ...
14/01/2015 22:04:07 Construction Personnage : ID:9005; nom : Monster 1; lvl : 1
14/01/2015 22:04:07 Creation personnage : ...
14/01/2015 22:04:07 Construction Personnage : ID:9006; nom : Monster 2; lvl : 1
14/01/2015 22:04:07 Creation personnage : ...
14/01/2015 22:04:07 Construction Personnage : ID:9007; nom : Monster 1; lvl : 1
14/01/2015 22:04:07 Creation personnage : ...
14/01/2015 22:04:07 Construction Personnage : ID:9008; nom : Monster 2; lvl : 1
14/01/2015 22:04:07 Creation personnage : ...
14/01/2015 22:04:07 Construction Personnage : ID:9009; nom : Monster 3; lvl : 1
14/01/2015 22:04:07 Creation personnage : ...
14/01/2015 22:04:07 Construction Personnage : ID:9010; nom : Monster 1; lvl : 1
14/01/2015 22:04:07 Creation personnage : ...
14/01/2015 22:04:07 Construction Personnage : ID:9011; nom : Monster 2; lvl : 2
14/01/2015 22:04:07 Creation personnage : ...
14/01/2015 22:04:07 Construction Personnage : ID:9012; nom : Monster 3; lvl : 1
14/01/2015 22:04:07 Creation personnage : ...
14/01/2015 22:04:07 Construction Personnage : ID:9013; nom : Monster 1; lvl : 2
14/01/2015 22:04:07 Creation personnage : ...
14/01/2015 22:04:07 Construction Personnage : ID:9014; nom : Monster 2; lvl : 2
14/01/2015 22:04:07 Creation personnage : ...
14/01/2015 22:04:07 Construction Personnage : ID:9015; nom : Monster 3; lvl : 2
14/01/2015 22:04:07 Creation personnage : ...
14/01/2015 22:04:07 Construction Personnage : ID:9016; nom : Monster 1; lvl : 1
14/01/2015 22:04:07 Creation personnage : ...
14/01/2015 22:04:07 Construction Personnage : ID:9017; nom : Monster 2; lvl : 1
14/01/2015 22:04:07 Creation personnage : ...
14/01/2015 22:04:07 Construction Personnage : ID:9018; nom : Monster 3; lvl : 1
14/01/2015 22:04:07 Creation personnage : ...
14/01/2015 22:04:07 Construction Personnage : ID:9019; nom : Monster 4; lvl : 1
14/01/2015 22:04:07 Creation personnage : ...
14/01/2015 22:04:07 Construction Personnage : ID:9020; nom : Monster 5; lvl : 1
14/01/2015 22:04:07 Creation personnage : ...
14/01/2015 22:04:07 Construction Personnage : ID:9021; nom : Monster 6; lvl : 1
14/01/2015 22:04:07 Creation personnage : ...
14/01/2015 22:04:07 Construction Personnage : ID:9022; nom : Monster 1; lvl : 3
14/01/2015 22:04:07 Creation personnage : ...
14/01/2015 22:04:07 Construction Personnage : ID:9023; nom : Monster 2; lvl : 2
14/01/2015 22:04:07 Creation personnage : ...
14/01/2015 22:04:07 Construction Personnage : ID:9024; nom : Monster 3; lvl : 1
14/01/2015 22:04:13 Creation personnage : ...
14/01/2015 22:04:13 Construction Personnage : ID:9001; nom : Monster 1; lvl : 1
14/01/2015 22:04:13 Creation personnage : ...
14/01/2015 22:04:14 Construction Personnage : ID:9002; nom : Monster 2; lvl : 1
14/01/2015 22:04:14 Creation personnage : ...
14/01/2015 22:04:14 Construction Personnage : ID:9003; nom : Monster 1; lvl : 1
14/01/2015 22:04:14 Creation personnage : ...
14/01/2015 22:04:14 Construction Personnage : ID:9004; nom : Monster 1; lvl : 1
14/01/2015 22:04:14 Creation personnage : ...
14/01/2015 22:04:14 Construction Personnage : ID:9005; nom : Monster 1; lvl : 1
14/01/2015 22:04:14 Creation personnage : ...
14/01/2015 22:04:14 Construction Personnage : ID:9006; nom : Monster 2; lvl : 1
14/01/2015 22:04:14 Creation personnage : ...
14/01/2015 22:04:14 Construction Personnage : ID:9007; nom : Monster 1; lvl : 1
14/01/2015 22:04:14 Creation personnage : ...
14/01/2015 22:04:14 Construction Personnage : ID:9008; nom : Monster 2; lvl : 1
14/01/2015 22:04:14 Creation personnage : ...
14/01/2015 22:04:14 Construction Personnage : ID:9009; nom : Monster 3; lvl : 1
14/01/2015 22:04:14 Creation personnage : ...
14/01/2015 22:04:14 Construction Personnage : ID:9010; nom : Monster 1; lvl : 1
14/01/2015 22:04:14 Creation personnage : ...
14/01/2015 22:04:14 Construction Personnage : ID:9011; nom : Monster 2; lvl : 2
14/01/2015 22:04:14 Creation personnage : ...
14/01/2015 22:04:14 Construction Personnage : ID:9012; nom : Monster 3; lvl : 1
14/01/2015 22:04:14 Creation personnage : ...
14/01/2015 22:04:14 Construction Personnage : ID:9013; nom : Monster 1; lvl : 2
14/01/2015 22:04:14 Creation personnage : ...
14/01/2015 22:04:14 Construction Personnage : ID:9014; nom : Monster 2; lvl : 1
14/01/2015 22:04:14 Creation personnage : ...
14/01/2015 22:04:14 Construction Personnage : ID:9015; nom : Monster 3; lvl : 2
14/01/2015 22:04:14 Creation personnage : ...
14/01/2015 22:04:14 Construction Personnage : ID:9016; nom : Monster 1; lvl : 2
14/01/2015 22:04:14 Creation personnage : ...
14/01/2015 22:04:14 Construction Personnage : ID:9017; nom : Monster 2; lvl : 1
14/01/2015 22:04:14 Creation personnage : ...
14/01/2015 22:04:14 Construction Personnage : ID:9018; nom : Monster 3; lvl : 1
14/01/2015 22:04:14 Creation personnage : ...
14/01/2015 22:04:14 Construction Personnage : ID:9019; nom : Monster 4; lvl : 1
14/01/2015 22:04:14 Creation personnage : ...
14/01/2015 22:04:14 Construction Personnage : ID:9020; nom : Monster 5; lvl : 3
14/01/2015 22:04:20 Creation personnage : ...
14/01/2015 22:04:20 Construction Personnage : ID:9001; nom : Monster 1; lvl : 1
14/01/2015 22:04:20 Creation personnage : ...
14/01/2015 22:04:20 Construction Personnage : ID:9002; nom : Monster 2; lvl : 1
14/01/2015 22:04:20 Creation personnage : ...
14/01/2015 22:04:20 Construction Personnage : ID:9003; nom : Monster 1; lvl : 1
14/01/2015 22:04:20 Creation personnage : ...
14/01/2015 22:04:20 Construction Personnage : ID:9004; nom : Monster 1; lvl : 1
14/01/2015 22:04:20 Creation personnage : ...
14/01/2015 22:04:20 Construction Personnage : ID:9005; nom : Monster 1; lvl : 1
14/01/2015 22:04:20 Creation personnage : ...
14/01/2015 22:04:20 Construction Personnage : ID:9006; nom : Monster 2; lvl : 1
14/01/2015 22:04:20 Creation personnage : ...
14/01/2015 22:04:20 Construction Personnage : ID:9007; nom : Monster 1; lvl : 1
14/01/2015 22:04:20 Creation personnage : ...
14/01/2015 22:04:21 Construction Personnage : ID:9008; nom : Monster 2; lvl : 1
14/01/2015 22:04:21 Creation personnage : ...
14/01/2015 22:04:21 Construction Personnage : ID:9009; nom : Monster 3; lvl : 1
14/01/2015 22:04:21 Creation personnage : ...
14/01/2015 22:04:21 Construction Personnage : ID:9010; nom : Monster 1; lvl : 1
14/01/2015 22:04:21 Creation personnage : ...
14/01/2015 22:04:21 Construction Personnage : ID:9011; nom : Monster 2; lvl : 1
14/01/2015 22:04:21 Creation personnage : ...
14/01/2015 22:04:21 Construction Personnage : ID:9012; nom : Monster 3; lvl : 1
14/01/2015 22:04:21 Creation personnage : ...
14/01/2015 22:04:21 Construction Personnage : ID:9013; nom : Monster 4; lvl : 1
14/01/2015 22:04:21 Creation personnage : ...
14/01/2015 22:04:21 Construction Personnage : ID:9014; nom : Monster 1; lvl : 1
14/01/2015 22:04:21 Creation personnage : ...
14/01/2015 22:04:21 Construction Personnage : ID:9015; nom : Monster 2; lvl : 1
14/01/2015 22:04:21 Creation personnage : ...
14/01/2015 22:04:21 Construction Personnage : ID:9016; nom : Monster 3; lvl : 1
14/01/2015 22:04:21 Creation personnage : ...
14/01/2015 22:04:21 Construction Personnage : ID:9017; nom : Monster 4; lvl : 1
14/01/2015 22:04:21 Creation personnage : ...
14/01/2015 22:04:21 Construction Personnage : ID:9018; nom : Monster 5; lvl : 2
14/01/2015 22:04:21 Creation personnage : ...
14/01/2015 22:04:21 Construction Personnage : ID:9019; nom : Monster 1; lvl : 1
14/01/2015 22:04:21 Creation personnage : ...
14/01/2015 22:04:21 Construction Personnage : ID:9020; nom : Monster 2; lvl : 1
14/01/2015 22:04:21 Creation personnage : ...
14/01/2015 22:04:21 Construction Personnage : ID:9021; nom : Monster 3; lvl : 1
14/01/2015 22:04:21 Creation personnage : ...
14/01/2015 22:04:21 Construction Personnage : ID:9022; nom : Monster 4; lvl : 1
14/01/2015 22:04:21 Creation personnage : ...
14/01/2015 22:04:21 Construction Personnage : ID:9023; nom : Monster 5; lvl : 2
14/01/2015 22:04:37 Creation personnage : ...
14/01/2015 22:04:37 Construction Personnage : ID:9001; nom : Monster 1; lvl : 1
14/01/2015 22:04:37 Creation personnage : ...
14/01/2015 22:04:37 Construction Personnage : ID:9002; nom : Monster 2; lvl : 1
14/01/2015 22:04:37 Creation personnage : ...
14/01/2015 22:04:37 Construction Personnage : ID:9003; nom : Monster 1; lvl : 1
14/01/2015 22:04:37 Creation personnage : ...
14/01/2015 22:04:37 Construction Personnage : ID:9004; nom : Monster 1; lvl : 1
14/01/2015 22:04:37 Creation personnage : ...
14/01/2015 22:04:37 Construction Personnage : ID:9005; nom : Monster 1; lvl : 1
14/01/2015 22:04:37 Creation personnage : ...
14/01/2015 22:04:37 Construction Personnage : ID:9006; nom : Monster 1; lvl : 1
14/01/2015 22:04:37 Creation personnage : ...
14/01/2015 22:04:37 Construction Personnage : ID:9007; nom : Monster 1; lvl : 1
14/01/2015 22:04:37 Creation personnage : ...
14/01/2015 22:04:37 Construction Personnage : ID:9008; nom : Monster 2; lvl : 1
14/01/2015 22:04:37 Creation personnage : ...
14/01/2015 22:04:37 Construction Personnage : ID:9009; nom : Monster 1; lvl : 1
14/01/2015 22:04:37 Creation personnage : ...
14/01/2015 22:04:37 Construction Personnage : ID:9010; nom : Monster 2; lvl : 1
14/01/2015 22:04:37 Creation personnage : ...
14/01/2015 22:04:37 Construction Personnage : ID:9011; nom : Monster 3; lvl : 1
14/01/2015 22:04:37 Creation personnage : ...
14/01/2015 22:04:37 Construction Personnage : ID:9012; nom : Monster 1; lvl : 1
14/01/2015 22:04:37 Creation personnage : ...
14/01/2015 22:04:37 Construction Personnage : ID:9013; nom : Monster 2; lvl : 2
14/01/2015 22:04:37 Creation personnage : ...
14/01/2015 22:04:37 Construction Personnage : ID:9014; nom : Monster 3; lvl : 1
14/01/2015 22:04:37 Creation personnage : ...
14/01/2015 22:04:37 Construction Personnage : ID:9015; nom : Monster 1; lvl : 2
14/01/2015 22:04:37 Creation personnage : ...
14/01/2015 22:04:37 Construction Personnage : ID:9016; nom : Monster 2; lvl : 1
14/01/2015 22:04:37 Creation personnage : ...
14/01/2015 22:04:37 Construction Personnage : ID:9017; nom : Monster 3; lvl : 1
14/01/2015 22:04:37 Creation personnage : ...
14/01/2015 22:04:38 Construction Personnage : ID:9018; nom : Monster 4; lvl : 1
14/01/2015 22:04:38 Creation personnage : ...
14/01/2015 22:04:38 Construction Personnage : ID:9019; nom : Monster 1; lvl : 2
14/01/2015 22:04:38 Creation personnage : ...
14/01/2015 22:04:38 Construction Personnage : ID:9020; nom : Monster 2; lvl : 1
14/01/2015 22:04:38 Creation personnage : ...
14/01/2015 22:04:38 Construction Personnage : ID:9021; nom : Monster 3; lvl : 3
14/01/2015 22:04:48 Construction Personnage : ID:5; nom : Chausson 5; lvl : 2
14/01/2015 22:04:48 Construction Personnage : ID:6; nom : Chausson 6; lvl : 1
14/01/2015 22:04:48 Construction Personnage : ID:7; nom : Chausson 7; lvl : 1
14/01/2015 22:04:48 Construction Personnage : ID:1; nom : Caporal; lvl : 11
14/01/2015 22:04:50 Construction Personnage : ID:5; nom : Chausson 5; lvl : 2
14/01/2015 22:04:50 Construction Personnage : ID:6; nom : Chausson 6; lvl : 1
14/01/2015 22:04:50 Construction Personnage : ID:7; nom : Chausson 7; lvl : 1
14/01/2015 22:04:50 Construction Personnage : ID:1; nom : Caporal; lvl : 11
14/01/2015 22:07:24 Construction Personnage : ID:5; nom : Chausson 5; lvl : 2
14/01/2015 22:07:24 Construction Personnage : ID:6; nom : Chausson 6; lvl : 1
14/01/2015 22:07:24 Construction Personnage : ID:7; nom : Chausson 7; lvl : 1
14/01/2015 22:07:24 Construction Personnage : ID:1; nom : Caporal; lvl : 11
14/01/2015 22:10:45 Construction Personnage : ID:5; nom : Chausson 5; lvl : 2
14/01/2015 22:10:45 Construction Personnage : ID:6; nom : Chausson 6; lvl : 1
14/01/2015 22:10:45 Construction Personnage : ID:7; nom : Chausson 7; lvl : 1
14/01/2015 22:10:45 Construction Personnage : ID:1; nom : Caporal; lvl : 11
14/01/2015 22:15:03 Construction Personnage : ID:5; nom : Chausson 5; lvl : 2
14/01/2015 22:15:03 Construction Personnage : ID:6; nom : Chausson 6; lvl : 1
14/01/2015 22:15:03 Construction Personnage : ID:7; nom : Chausson 7; lvl : 1
14/01/2015 22:15:03 Construction Personnage : ID:1; nom : Caporal; lvl : 11
14/01/2015 22:20:08 Construction Personnage : ID:5; nom : Chausson 5; lvl : 2
14/01/2015 22:20:08 Construction Personnage : ID:6; nom : Chausson 6; lvl : 1
14/01/2015 22:20:08 Construction Personnage : ID:7; nom : Chausson 7; lvl : 1
14/01/2015 22:20:08 Construction Personnage : ID:1; nom : Caporal; lvl : 11
14/01/2015 22:20:19 Construction Personnage : ID:5; nom : Chausson 5; lvl : 2
14/01/2015 22:20:19 Construction Personnage : ID:6; nom : Chausson 6; lvl : 1
14/01/2015 22:20:19 Construction Personnage : ID:7; nom : Chausson 7; lvl : 1
14/01/2015 22:20:19 Construction Personnage : ID:1; nom : Caporal; lvl : 11
