16/01/2015 20:49:31 Recuperation des personnages de l'equipe d'id : 3
16/01/2015 20:49:31 Construction Equipe : ID Equipe: 3 | Niveau total :2 | Personnages :ID:2; nom : Chausson 2; lvl : 1 | ID:3; nom : Chausson 3; lvl : 1
16/01/2015 20:49:31 Recuperation des personnages de l'equipe d'id : 4
16/01/2015 20:49:31 Construction Equipe : ID Equipe: 4 | Niveau total :0 | Personnages :
16/01/2015 20:53:48 Recuperation des personnages de l'equipe d'id : 3
16/01/2015 20:53:48 Construction Equipe : ID Equipe: 3 | Niveau total :2 | Personnages :ID:2; nom : Chausson 2; lvl : 1 | ID:3; nom : Chausson 3; lvl : 1
16/01/2015 20:53:48 Recuperation des personnages de l'equipe d'id : 4
16/01/2015 20:53:48 Construction Equipe : ID Equipe: 4 | Niveau total :0 | Personnages :
16/01/2015 20:56:23 Recuperation des personnages de l'equipe d'id : 3
16/01/2015 20:56:23 Construction Equipe : ID Equipe: 3 | Niveau total :2 | Personnages :ID:2; nom : Chausson 2; lvl : 1 | ID:3; nom : Chausson 3; lvl : 1
16/01/2015 20:56:23 Recuperation des personnages de l'equipe d'id : 4
16/01/2015 20:56:23 Construction Equipe : ID Equipe: 4 | Niveau total :0 | Personnages :
16/01/2015 20:56:34 Recuperation des personnages de l'equipe d'id : 3
16/01/2015 20:56:35 Construction Equipe : ID Equipe: 3 | Niveau total :2 | Personnages :ID:2; nom : Chausson 2; lvl : 1 | ID:3; nom : Chausson 3; lvl : 1
16/01/2015 20:56:35 Recuperation des personnages de l'equipe d'id : 4
16/01/2015 20:56:35 Construction Equipe : ID Equipe: 4 | Niveau total :0 | Personnages :
16/01/2015 21:04:30 ___________________________________________
16/01/2015 21:04:30 Creation d'une l'equipe : ...
16/01/2015 21:04:30 Construction Equipe : ID Equipe: 1 | Niveau total :2 | Personnages :ID:9001; nom : Monster 1; lvl : 1 | ID:9002; nom : Monster 2; lvl : 1
16/01/2015 21:06:53 Recuperation des personnages de l'equipe d'id : 3
16/01/2015 21:06:53 Construction Equipe : ID Equipe: 3 | Niveau total :2 | Personnages :ID:2; nom : Chausson 2; lvl : 1 | ID:3; nom : Chausson 3; lvl : 1
16/01/2015 21:06:53 Recuperation des personnages de l'equipe d'id : 4
16/01/2015 21:06:53 Construction Equipe : ID Equipe: 4 | Niveau total :0 | Personnages :
16/01/2015 21:08:39 Recuperation des personnages de l'equipe d'id : 3
16/01/2015 21:08:39 Construction Equipe : ID Equipe: 3 | Niveau total :2 | Personnages :ID:2; nom : Chausson 2; lvl : 1 | ID:3; nom : Chausson 3; lvl : 1
16/01/2015 21:08:39 Recuperation des personnages de l'equipe d'id : 4
16/01/2015 21:08:39 Construction Equipe : ID Equipe: 4 | Niveau total :0 | Personnages :
16/01/2015 21:08:45 Recuperation des personnages de l'equipe d'id : 3
16/01/2015 21:08:45 Construction Equipe : ID Equipe: 3 | Niveau total :2 | Personnages :ID:2; nom : Chausson 2; lvl : 1 | ID:3; nom : Chausson 3; lvl : 1
16/01/2015 21:08:45 Recuperation des personnages de l'equipe d'id : 4
16/01/2015 21:08:45 Construction Equipe : ID Equipe: 4 | Niveau total :0 | Personnages :
