03/01/2015 13:09:41 SELECT DISTINCT * FROM personnage WHERE id_personnage = :id_personnage : 	 1
03/01/2015 13:09:41 SELECT DISTINCT * FROM personnage WHERE id_personnage = :id_personnage : 	 5
03/01/2015 13:09:41 SELECT DISTINCT * FROM personnage WHERE id_personnage = :id_personnage : 	 6
03/01/2015 13:34:52 SELECT DISTINCT * FROM personnage WHERE id_personnage = :id_personnage : 	 1
03/01/2015 13:34:52 SELECT DISTINCT * FROM personnage WHERE id_personnage = :id_personnage : 	 5
03/01/2015 13:34:52 SELECT DISTINCT * FROM personnage WHERE id_personnage = :id_personnage : 	 6
03/01/2015 13:34:56 SELECT DISTINCT * FROM personnage WHERE id_personnage = :id_personnage : 	 1
03/01/2015 13:34:56 SELECT DISTINCT * FROM personnage WHERE id_personnage = :id_personnage : 	 5
03/01/2015 13:34:56 SELECT DISTINCT * FROM personnage WHERE id_personnage = :id_personnage : 	 6
03/01/2015 13:34:57 SELECT DISTINCT * FROM personnage WHERE id_personnage = :id_personnage : 	 1
03/01/2015 13:34:57 SELECT DISTINCT * FROM personnage WHERE id_personnage = :id_personnage : 	 5
03/01/2015 13:34:57 SELECT DISTINCT * FROM personnage WHERE id_personnage = :id_personnage : 	 6
03/01/2015 13:37:02 SELECT DISTINCT * FROM personnage WHERE id_personnage = :id_personnage : 	 1
03/01/2015 13:37:02 SELECT DISTINCT * FROM personnage WHERE id_personnage = :id_personnage : 	 5
03/01/2015 13:37:02 SELECT DISTINCT * FROM personnage WHERE id_personnage = :id_personnage : 	 6
03/01/2015 13:40:41 SELECT DISTINCT * FROM personnage WHERE id_personnage = :id_personnage : 	 1
03/01/2015 13:40:41 SELECT DISTINCT * FROM personnage WHERE id_personnage = :id_personnage : 	 5
03/01/2015 13:40:41 SELECT DISTINCT * FROM personnage WHERE id_personnage = :id_personnage : 	 6
03/01/2015 13:46:36 SELECT DISTINCT * FROM personnage WHERE id_personnage = :id_personnage : 	 1
03/01/2015 13:46:36 SELECT DISTINCT * FROM personnage WHERE id_personnage = :id_personnage : 	 5
03/01/2015 13:46:36 SELECT DISTINCT * FROM personnage WHERE id_personnage = :id_personnage : 	 6
03/01/2015 14:01:02 SELECT DISTINCT experience FROM niveau WHERE niveau = :niveau : 	 4
03/01/2015 14:01:02 SELECT DISTINCT experience FROM niveau WHERE niveau = :niveau : 	 3
03/01/2015 14:01:02 SELECT DISTINCT experience FROM niveau WHERE niveau = :niveau : 	 4
03/01/2015 14:01:02 UPDATE personnage SET mp = :mp WHERE id_personnage =:id_personnage : 	 1|59
03/01/2015 14:01:02 SELECT DISTINCT * FROM personnage WHERE id_personnage = :id_personnage : 	 1
03/01/2015 14:01:02 SELECT DISTINCT * FROM personnage WHERE id_personnage = :id_personnage : 	 5
03/01/2015 14:01:02 SELECT DISTINCT * FROM personnage WHERE id_personnage = :id_personnage : 	 6
03/01/2015 14:01:02 UPDATE personnage SET hp = :hp WHERE id_personnage =:id_personnage : 	 1|169
03/01/2015 14:01:02 UPDATE personnage SET hp = :hp WHERE id_personnage =:id_personnage : 	 1|168
03/01/2015 14:01:02 UPDATE personnage SET hp = :hp WHERE id_personnage =:id_personnage : 	 1|167
03/01/2015 14:01:02 UPDATE personnage SET mp = :mp WHERE id_personnage =:id_personnage : 	 1|58
03/01/2015 14:01:02 UPDATE personnage SET hp = :hp WHERE id_personnage =:id_personnage : 	 1|166
03/01/2015 14:01:02 UPDATE personnage SET hp = :hp WHERE id_personnage =:id_personnage : 	 1|165
03/01/2015 14:01:02 UPDATE personnage SET mp = :mp WHERE id_personnage =:id_personnage : 	 1|57
03/01/2015 14:01:02 UPDATE personnage SET hp = :hp WHERE id_personnage =:id_personnage : 	 1|161
03/01/2015 14:01:02 UPDATE personnage SET hp = :hp WHERE id_personnage =:id_personnage : 	 1|156
03/01/2015 14:01:02 UPDATE personnage SET mp = :mp WHERE id_personnage =:id_personnage : 	 1|56
03/01/2015 14:01:02 UPDATE personnage SET hp = :hp WHERE id_personnage =:id_personnage : 	 1|155
03/01/2015 14:01:02 UPDATE personnage SET mp = :mp WHERE id_personnage =:id_personnage : 	 1|55
03/01/2015 14:01:02 UPDATE personnage SET hp = :hp WHERE id_personnage =:id_personnage : 	 1|154
03/01/2015 14:01:02 UPDATE personnage SET mp = :mp WHERE id_personnage =:id_personnage : 	 1|54
03/01/2015 14:01:02 UPDATE personnage SET experience = :experience WHERE id_personnage =:id_personnage : 	 1|2848
03/01/2015 14:01:05 SELECT DISTINCT experience FROM niveau WHERE niveau = :niveau : 	 2
03/01/2015 14:01:05 SELECT DISTINCT experience FROM niveau WHERE niveau = :niveau : 	 1
03/01/2015 14:01:05 SELECT DISTINCT experience FROM niveau WHERE niveau = :niveau : 	 1
03/01/2015 14:01:05 SELECT DISTINCT experience FROM niveau WHERE niveau = :niveau : 	 2
03/01/2015 14:01:13 SELECT DISTINCT experience FROM niveau WHERE niveau = :niveau : 	 1
03/01/2015 14:01:13 SELECT DISTINCT experience FROM niveau WHERE niveau = :niveau : 	 1
03/01/2015 14:01:13 SELECT DISTINCT experience FROM niveau WHERE niveau = :niveau : 	 1
03/01/2015 14:01:13 SELECT DISTINCT experience FROM niveau WHERE niveau = :niveau : 	 1
03/01/2015 14:01:13 SELECT DISTINCT experience FROM niveau WHERE niveau = :niveau : 	 1
03/01/2015 14:01:24 SELECT DISTINCT experience FROM niveau WHERE niveau = :niveau : 	 1
03/01/2015 14:01:24 SELECT DISTINCT experience FROM niveau WHERE niveau = :niveau : 	 2
03/01/2015 14:01:24 SELECT DISTINCT experience FROM niveau WHERE niveau = :niveau : 	 2
03/01/2015 14:01:31 SELECT DISTINCT experience FROM niveau WHERE niveau = :niveau : 	 1
03/01/2015 14:01:31 SELECT DISTINCT experience FROM niveau WHERE niveau = :niveau : 	 1
03/01/2015 14:01:31 SELECT DISTINCT experience FROM niveau WHERE niveau = :niveau : 	 1
03/01/2015 14:01:31 SELECT DISTINCT experience FROM niveau WHERE niveau = :niveau : 	 1
03/01/2015 14:01:31 SELECT DISTINCT experience FROM niveau WHERE niveau = :niveau : 	 2
03/01/2015 14:02:15 SELECT DISTINCT experience FROM niveau WHERE niveau = :niveau : 	 2
03/01/2015 14:02:15 SELECT DISTINCT experience FROM niveau WHERE niveau = :niveau : 	 1
03/01/2015 14:02:15 SELECT DISTINCT experience FROM niveau WHERE niveau = :niveau : 	 1
03/01/2015 14:02:15 SELECT DISTINCT experience FROM niveau WHERE niveau = :niveau : 	 1
03/01/2015 14:03:10 SELECT DISTINCT experience FROM niveau WHERE niveau = :niveau : 	 2
03/01/2015 14:03:10 SELECT DISTINCT experience FROM niveau WHERE niveau = :niveau : 	 2
03/01/2015 14:03:10 SELECT DISTINCT experience FROM niveau WHERE niveau = :niveau : 	 1
03/01/2015 14:03:35 SELECT DISTINCT experience FROM niveau WHERE niveau = :niveau : 	 1
03/01/2015 14:03:35 SELECT DISTINCT experience FROM niveau WHERE niveau = :niveau : 	 1
03/01/2015 14:03:35 SELECT DISTINCT experience FROM niveau WHERE niveau = :niveau : 	 2
03/01/2015 14:03:35 SELECT DISTINCT experience FROM niveau WHERE niveau = :niveau : 	 1
03/01/2015 14:07:16 SELECT DISTINCT experience FROM niveau WHERE niveau = :niveau : 	 1
03/01/2015 14:07:16 SELECT DISTINCT experience FROM niveau WHERE niveau = :niveau : 	 2
03/01/2015 14:07:16 SELECT DISTINCT experience FROM niveau WHERE niveau = :niveau : 	 4
03/01/2015 14:07:16 SELECT DISTINCT experience FROM niveau WHERE niveau = :niveau : 	 5
03/01/2015 14:07:17 SELECT DISTINCT experience FROM niveau WHERE niveau = :niveau : 	 1
03/01/2015 14:07:17 SELECT DISTINCT experience FROM niveau WHERE niveau = :niveau : 	 2
03/01/2015 14:07:17 SELECT DISTINCT experience FROM niveau WHERE niveau = :niveau : 	 1
03/01/2015 14:07:17 SELECT DISTINCT experience FROM niveau WHERE niveau = :niveau : 	 1
03/01/2015 14:07:21 SELECT DISTINCT experience FROM niveau WHERE niveau = :niveau : 	 1
03/01/2015 14:07:21 SELECT DISTINCT experience FROM niveau WHERE niveau = :niveau : 	 1
03/01/2015 14:07:21 SELECT DISTINCT experience FROM niveau WHERE niveau = :niveau : 	 2
03/01/2015 14:07:21 SELECT DISTINCT experience FROM niveau WHERE niveau = :niveau : 	 1
03/01/2015 14:07:27 SELECT DISTINCT experience FROM niveau WHERE niveau = :niveau : 	 1
03/01/2015 14:07:27 SELECT DISTINCT experience FROM niveau WHERE niveau = :niveau : 	 2
03/01/2015 14:07:27 SELECT DISTINCT experience FROM niveau WHERE niveau = :niveau : 	 1
03/01/2015 14:07:27 SELECT DISTINCT experience FROM niveau WHERE niveau = :niveau : 	 1
03/01/2015 14:29:25 UPDATE personnage SET mp = :mp WHERE id_personnage =:id_personnage : 	 1|53
03/01/2015 14:30:39 UPDATE personnage SET mp = :mp WHERE id_personnage =:id_personnage : 	 1|53
03/01/2015 14:30:57 UPDATE personnage SET mp = :mp WHERE id_personnage =:id_personnage : 	 1|54
03/01/2015 14:32:09 SELECT DISTINCT * FROM personnage WHERE id_personnage = :id_personnage : 	 1
03/01/2015 14:32:09 SELECT DISTINCT * FROM personnage WHERE id_personnage = :id_personnage : 	 5
03/01/2015 14:32:09 SELECT DISTINCT * FROM personnage WHERE id_personnage = :id_personnage : 	 6
03/01/2015 14:32:09 UPDATE personnage SET mp = :mp WHERE id_personnage =:id_personnage : 	 1|53
03/01/2015 14:32:48 UPDATE personnage SET mp = :mp WHERE id_personnage =:id_personnage : 	 1|53
03/01/2015 14:36:07 SELECT DISTINCT * FROM personnage WHERE id_personnage = :id_personnage : 	 1
03/01/2015 14:36:07 SELECT DISTINCT * FROM personnage WHERE id_personnage = :id_personnage : 	 5
03/01/2015 14:36:07 SELECT DISTINCT * FROM personnage WHERE id_personnage = :id_personnage : 	 6
03/01/2015 14:36:07 SELECT DISTINCT experience FROM niveau WHERE niveau = :niveau : 	 3
03/01/2015 14:36:07 SELECT DISTINCT experience FROM niveau WHERE niveau = :niveau : 	 4
03/01/2015 14:36:07 SELECT DISTINCT experience FROM niveau WHERE niveau = :niveau : 	 1
03/01/2015 14:36:07 SELECT DISTINCT experience FROM niveau WHERE niveau = :niveau : 	 3
03/01/2015 14:36:13 SELECT DISTINCT * FROM personnage WHERE id_personnage = :id_personnage : 	 1
03/01/2015 14:36:13 SELECT DISTINCT * FROM personnage WHERE id_personnage = :id_personnage : 	 5
03/01/2015 14:36:13 SELECT DISTINCT * FROM personnage WHERE id_personnage = :id_personnage : 	 6
03/01/2015 14:36:14 SELECT DISTINCT * FROM personnage WHERE id_personnage = :id_personnage : 	 1
03/01/2015 14:36:14 SELECT DISTINCT * FROM personnage WHERE id_personnage = :id_personnage : 	 5
03/01/2015 14:36:14 SELECT DISTINCT * FROM personnage WHERE id_personnage = :id_personnage : 	 6
03/01/2015 14:36:18 SELECT DISTINCT experience FROM niveau WHERE niveau = :niveau : 	 3
03/01/2015 14:36:18 SELECT DISTINCT experience FROM niveau WHERE niveau = :niveau : 	 3
03/01/2015 14:36:18 SELECT DISTINCT experience FROM niveau WHERE niveau = :niveau : 	 1
03/01/2015 14:36:18 SELECT DISTINCT experience FROM niveau WHERE niveau = :niveau : 	 3
03/01/2015 14:36:18 UPDATE personnage SET mp = :mp WHERE id_personnage =:id_personnage : 	 1|52
03/01/2015 14:36:18 UPDATE personnage SET hp = :hp WHERE id_personnage =:id_personnage : 	 1|153
03/01/2015 14:36:18 UPDATE personnage SET hp = :hp WHERE id_personnage =:id_personnage : 	 1|152
03/01/2015 14:36:18 UPDATE personnage SET hp = :hp WHERE id_personnage =:id_personnage : 	 1|151
03/01/2015 14:36:18 UPDATE personnage SET mp = :mp WHERE id_personnage =:id_personnage : 	 1|51
03/01/2015 14:36:18 UPDATE personnage SET hp = :hp WHERE id_personnage =:id_personnage : 	 1|150
03/01/2015 14:36:18 UPDATE personnage SET hp = :hp WHERE id_personnage =:id_personnage : 	 1|149
03/01/2015 14:36:18 UPDATE personnage SET hp = :hp WHERE id_personnage =:id_personnage : 	 1|146
03/01/2015 14:36:18 UPDATE personnage SET mp = :mp WHERE id_personnage =:id_personnage : 	 1|50
03/01/2015 14:36:18 UPDATE personnage SET hp = :hp WHERE id_personnage =:id_personnage : 	 1|145
03/01/2015 14:36:18 UPDATE personnage SET hp = :hp WHERE id_personnage =:id_personnage : 	 1|143
03/01/2015 14:36:18 UPDATE personnage SET mp = :mp WHERE id_personnage =:id_personnage : 	 1|49
03/01/2015 14:36:18 UPDATE personnage SET hp = :hp WHERE id_personnage =:id_personnage : 	 1|142
03/01/2015 14:36:18 UPDATE personnage SET hp = :hp WHERE id_personnage =:id_personnage : 	 1|139
03/01/2015 14:36:18 UPDATE personnage SET mp = :mp WHERE id_personnage =:id_personnage : 	 1|48
03/01/2015 14:36:18 UPDATE personnage SET hp = :hp WHERE id_personnage =:id_personnage : 	 1|138
03/01/2015 14:36:18 UPDATE personnage SET mp = :mp WHERE id_personnage =:id_personnage : 	 1|47
03/01/2015 14:36:19 UPDATE personnage SET hp = :hp WHERE id_personnage =:id_personnage : 	 1|135
03/01/2015 14:36:19 UPDATE personnage SET mp = :mp WHERE id_personnage =:id_personnage : 	 1|46
03/01/2015 14:36:19 UPDATE personnage SET experience = :experience WHERE id_personnage =:id_personnage : 	 1|2896
03/01/2015 14:40:17 SELECT DISTINCT * FROM personnage WHERE id_personnage = :id_personnage : 	 1
03/01/2015 14:40:17 SELECT DISTINCT * FROM personnage WHERE id_personnage = :id_personnage : 	 5
03/01/2015 14:40:17 SELECT DISTINCT * FROM personnage WHERE id_personnage = :id_personnage : 	 6
03/01/2015 14:40:17 SELECT DISTINCT experience FROM niveau WHERE niveau = :niveau : 	 5
03/01/2015 14:40:17 SELECT DISTINCT experience FROM niveau WHERE niveau = :niveau : 	 5
03/01/2015 14:52:02 UPDATE personnage SET hp = :hp WHERE id_personnage =:id_personnage : 	 1|130
03/01/2015 14:52:17 UPDATE personnage SET mp = :mp WHERE id_personnage =:id_personnage : 	 1|45
03/01/2015 14:52:17 UPDATE personnage SET hp = :hp WHERE id_personnage =:id_personnage : 	 1|127
03/01/2015 14:52:45 UPDATE personnage SET mp = :mp WHERE id_personnage =:id_personnage : 	 1|39
03/01/2015 14:52:45 UPDATE personnage SET hp = :hp WHERE id_personnage =:id_personnage : 	 1|126
03/01/2015 14:53:36 UPDATE personnage SET mp = :mp WHERE id_personnage =:id_personnage : 	 1|38
03/01/2015 14:53:36 UPDATE personnage SET hp = :hp WHERE id_personnage =:id_personnage : 	 1|125
03/01/2015 14:53:43 UPDATE personnage SET mp = :mp WHERE id_personnage =:id_personnage : 	 1|37
03/01/2015 14:53:43 UPDATE personnage SET hp = :hp WHERE id_personnage =:id_personnage : 	 1|120
03/01/2015 14:53:53 UPDATE personnage SET mp = :mp WHERE id_personnage =:id_personnage : 	 1|31
03/01/2015 14:53:53 UPDATE personnage SET hp = :hp WHERE id_personnage =:id_personnage : 	 1|117
03/01/2015 14:54:01 UPDATE personnage SET mp = :mp WHERE id_personnage =:id_personnage : 	 1|30
03/01/2015 14:54:01 UPDATE personnage SET hp = :hp WHERE id_personnage =:id_personnage : 	 1|116
03/01/2015 14:54:11 UPDATE personnage SET mp = :mp WHERE id_personnage =:id_personnage : 	 1|29
03/01/2015 14:54:11 UPDATE personnage SET hp = :hp WHERE id_personnage =:id_personnage : 	 1|115
03/01/2015 15:15:26 SELECT DISTINCT * FROM personnage WHERE id_personnage = :id_personnage : 	 1
03/01/2015 15:15:26 SELECT DISTINCT * FROM personnage WHERE id_personnage = :id_personnage : 	 5
03/01/2015 15:15:26 SELECT DISTINCT * FROM personnage WHERE id_personnage = :id_personnage : 	 6
03/01/2015 15:15:28 SELECT DISTINCT * FROM personnage WHERE id_personnage = :id_personnage : 	 1
03/01/2015 15:15:28 SELECT DISTINCT * FROM personnage WHERE id_personnage = :id_personnage : 	 5
03/01/2015 15:15:28 SELECT DISTINCT * FROM personnage WHERE id_personnage = :id_personnage : 	 6
03/01/2015 15:16:21 SELECT DISTINCT * FROM personnage WHERE id_personnage = :id_personnage : 	 1
03/01/2015 15:16:21 SELECT DISTINCT * FROM personnage WHERE id_personnage = :id_personnage : 	 5
03/01/2015 15:16:21 SELECT DISTINCT * FROM personnage WHERE id_personnage = :id_personnage : 	 6
03/01/2015 15:16:23 SELECT DISTINCT * FROM personnage WHERE id_personnage = :id_personnage : 	 1
03/01/2015 15:16:23 SELECT DISTINCT * FROM personnage WHERE id_personnage = :id_personnage : 	 5
03/01/2015 15:16:23 SELECT DISTINCT * FROM personnage WHERE id_personnage = :id_personnage : 	 6
03/01/2015 15:16:34 SELECT DISTINCT experience FROM niveau WHERE niveau = :niveau : 	 1
03/01/2015 15:16:34 SELECT DISTINCT experience FROM niveau WHERE niveau = :niveau : 	 1
03/01/2015 15:16:34 SELECT DISTINCT experience FROM niveau WHERE niveau = :niveau : 	 3
03/01/2015 15:16:34 SELECT DISTINCT experience FROM niveau WHERE niveau = :niveau : 	 5
03/01/2015 15:16:34 SELECT DISTINCT experience FROM niveau WHERE niveau = :niveau : 	 1
03/01/2015 15:16:34 SELECT DISTINCT experience FROM niveau WHERE niveau = :niveau : 	 4
03/01/2015 15:16:34 SELECT DISTINCT experience FROM niveau WHERE niveau = :niveau : 	 2
03/01/2015 15:16:34 SELECT DISTINCT experience FROM niveau WHERE niveau = :niveau : 	 1
03/01/2015 15:16:34 SELECT DISTINCT experience FROM niveau WHERE niveau = :niveau : 	 2
03/01/2015 15:16:34 SELECT DISTINCT experience FROM niveau WHERE niveau = :niveau : 	 4
03/01/2015 15:16:34 SELECT DISTINCT experience FROM niveau WHERE niveau = :niveau : 	 3
03/01/2015 15:16:34 SELECT DISTINCT experience FROM niveau WHERE niveau = :niveau : 	 2
03/01/2015 15:16:34 SELECT DISTINCT experience FROM niveau WHERE niveau = :niveau : 	 1
03/01/2015 15:16:34 SELECT DISTINCT experience FROM niveau WHERE niveau = :niveau : 	 2
03/01/2015 15:16:34 SELECT DISTINCT experience FROM niveau WHERE niveau = :niveau : 	 1
03/01/2015 15:16:34 SELECT DISTINCT experience FROM niveau WHERE niveau = :niveau : 	 1
03/01/2015 15:16:34 SELECT DISTINCT experience FROM niveau WHERE niveau = :niveau : 	 1
03/01/2015 15:16:34 SELECT DISTINCT experience FROM niveau WHERE niveau = :niveau : 	 1
03/01/2015 15:16:34 SELECT DISTINCT experience FROM niveau WHERE niveau = :niveau : 	 2
03/01/2015 15:16:34 SELECT DISTINCT experience FROM niveau WHERE niveau = :niveau : 	 3
03/01/2015 15:16:34 SELECT DISTINCT experience FROM niveau WHERE niveau = :niveau : 	 1
03/01/2015 15:16:34 SELECT DISTINCT experience FROM niveau WHERE niveau = :niveau : 	 2
03/01/2015 15:16:34 SELECT DISTINCT experience FROM niveau WHERE niveau = :niveau : 	 1
03/01/2015 15:16:34 SELECT DISTINCT experience FROM niveau WHERE niveau = :niveau : 	 2
03/01/2015 15:16:34 SELECT DISTINCT experience FROM niveau WHERE niveau = :niveau : 	 1
03/01/2015 15:16:34 SELECT DISTINCT experience FROM niveau WHERE niveau = :niveau : 	 2
03/01/2015 15:16:34 SELECT DISTINCT experience FROM niveau WHERE niveau = :niveau : 	 5
03/01/2015 15:16:34 SELECT DISTINCT experience FROM niveau WHERE niveau = :niveau : 	 1
03/01/2015 15:16:34 SELECT DISTINCT experience FROM niveau WHERE niveau = :niveau : 	 4
03/01/2015 15:16:35 SELECT DISTINCT experience FROM niveau WHERE niveau = :niveau : 	 1
03/01/2015 15:16:35 SELECT DISTINCT experience FROM niveau WHERE niveau = :niveau : 	 1
03/01/2015 15:16:35 SELECT DISTINCT experience FROM niveau WHERE niveau = :niveau : 	 3
03/01/2015 15:16:35 SELECT DISTINCT experience FROM niveau WHERE niveau = :niveau : 	 3
03/01/2015 15:16:35 SELECT DISTINCT experience FROM niveau WHERE niveau = :niveau : 	 3
03/01/2015 15:16:35 SELECT DISTINCT experience FROM niveau WHERE niveau = :niveau : 	 2
03/01/2015 15:16:35 SELECT DISTINCT experience FROM niveau WHERE niveau = :niveau : 	 2
03/01/2015 15:16:35 SELECT DISTINCT experience FROM niveau WHERE niveau = :niveau : 	 5
03/01/2015 15:16:35 SELECT DISTINCT experience FROM niveau WHERE niveau = :niveau : 	 5
03/01/2015 15:16:35 SELECT DISTINCT experience FROM niveau WHERE niveau = :niveau : 	 2
03/01/2015 15:16:35 SELECT DISTINCT experience FROM niveau WHERE niveau = :niveau : 	 2
03/01/2015 15:16:35 SELECT DISTINCT experience FROM niveau WHERE niveau = :niveau : 	 1
03/01/2015 15:16:35 SELECT DISTINCT experience FROM niveau WHERE niveau = :niveau : 	 5
03/01/2015 15:16:35 SELECT DISTINCT experience FROM niveau WHERE niveau = :niveau : 	 5
03/01/2015 15:16:35 SELECT DISTINCT experience FROM niveau WHERE niveau = :niveau : 	 3
03/01/2015 15:16:35 SELECT DISTINCT experience FROM niveau WHERE niveau = :niveau : 	 3
03/01/2015 15:16:35 SELECT DISTINCT experience FROM niveau WHERE niveau = :niveau : 	 7
03/01/2015 15:16:35 SELECT DISTINCT experience FROM niveau WHERE niveau = :niveau : 	 4
03/01/2015 15:16:35 SELECT DISTINCT experience FROM niveau WHERE niveau = :niveau : 	 4
03/01/2015 15:16:35 SELECT DISTINCT experience FROM niveau WHERE niveau = :niveau : 	 1
03/01/2015 15:16:35 SELECT DISTINCT experience FROM niveau WHERE niveau = :niveau : 	 1
03/01/2015 15:16:35 SELECT DISTINCT experience FROM niveau WHERE niveau = :niveau : 	 5
03/01/2015 15:16:35 SELECT DISTINCT experience FROM niveau WHERE niveau = :niveau : 	 2
03/01/2015 15:16:35 SELECT DISTINCT experience FROM niveau WHERE niveau = :niveau : 	 2
03/01/2015 15:16:35 SELECT DISTINCT experience FROM niveau WHERE niveau = :niveau : 	 4
03/01/2015 15:16:35 SELECT DISTINCT experience FROM niveau WHERE niveau = :niveau : 	 4
03/01/2015 15:16:35 SELECT DISTINCT experience FROM niveau WHERE niveau = :niveau : 	 4
03/01/2015 15:16:35 SELECT DISTINCT experience FROM niveau WHERE niveau = :niveau : 	 2
03/01/2015 15:16:35 SELECT DISTINCT experience FROM niveau WHERE niveau = :niveau : 	 2
03/01/2015 15:16:35 SELECT DISTINCT experience FROM niveau WHERE niveau = :niveau : 	 2
03/01/2015 15:16:35 SELECT DISTINCT experience FROM niveau WHERE niveau = :niveau : 	 2
03/01/2015 15:16:35 SELECT DISTINCT experience FROM niveau WHERE niveau = :niveau : 	 1
03/01/2015 15:16:35 SELECT DISTINCT experience FROM niveau WHERE niveau = :niveau : 	 3
03/01/2015 15:16:35 SELECT DISTINCT experience FROM niveau WHERE niveau = :niveau : 	 2
03/01/2015 15:16:35 SELECT DISTINCT experience FROM niveau WHERE niveau = :niveau : 	 3
03/01/2015 15:16:35 SELECT DISTINCT experience FROM niveau WHERE niveau = :niveau : 	 1
03/01/2015 15:16:35 SELECT DISTINCT experience FROM niveau WHERE niveau = :niveau : 	 1
03/01/2015 15:16:35 SELECT DISTINCT experience FROM niveau WHERE niveau = :niveau : 	 1
03/01/2015 15:16:35 SELECT DISTINCT experience FROM niveau WHERE niveau = :niveau : 	 3
03/01/2015 15:16:35 SELECT DISTINCT experience FROM niveau WHERE niveau = :niveau : 	 3
03/01/2015 15:16:35 SELECT DISTINCT experience FROM niveau WHERE niveau = :niveau : 	 2
03/01/2015 15:16:35 SELECT DISTINCT experience FROM niveau WHERE niveau = :niveau : 	 4
03/01/2015 15:16:35 SELECT DISTINCT experience FROM niveau WHERE niveau = :niveau : 	 3
03/01/2015 15:16:35 SELECT DISTINCT experience FROM niveau WHERE niveau = :niveau : 	 3
03/01/2015 15:16:35 SELECT DISTINCT experience FROM niveau WHERE niveau = :niveau : 	 4
03/01/2015 15:16:35 SELECT DISTINCT experience FROM niveau WHERE niveau = :niveau : 	 5
03/01/2015 15:16:35 SELECT DISTINCT experience FROM niveau WHERE niveau = :niveau : 	 2
03/01/2015 15:16:35 SELECT DISTINCT experience FROM niveau WHERE niveau = :niveau : 	 2
03/01/2015 15:16:35 SELECT DISTINCT experience FROM niveau WHERE niveau = :niveau : 	 6
03/01/2015 15:16:35 SELECT DISTINCT experience FROM niveau WHERE niveau = :niveau : 	 3
03/01/2015 15:16:35 SELECT DISTINCT experience FROM niveau WHERE niveau = :niveau : 	 6
03/01/2015 15:16:35 SELECT DISTINCT experience FROM niveau WHERE niveau = :niveau : 	 3
03/01/2015 15:16:36 SELECT DISTINCT experience FROM niveau WHERE niveau = :niveau : 	 5
03/01/2015 15:16:36 SELECT DISTINCT experience FROM niveau WHERE niveau = :niveau : 	 3
03/01/2015 15:16:36 SELECT DISTINCT experience FROM niveau WHERE niveau = :niveau : 	 6
03/01/2015 15:16:36 SELECT DISTINCT experience FROM niveau WHERE niveau = :niveau : 	 5
03/01/2015 15:16:36 SELECT DISTINCT experience FROM niveau WHERE niveau = :niveau : 	 5
03/01/2015 15:16:36 SELECT DISTINCT experience FROM niveau WHERE niveau = :niveau : 	 2
03/01/2015 15:16:36 SELECT DISTINCT experience FROM niveau WHERE niveau = :niveau : 	 2
03/01/2015 15:16:36 SELECT DISTINCT experience FROM niveau WHERE niveau = :niveau : 	 2
03/01/2015 15:16:36 SELECT DISTINCT experience FROM niveau WHERE niveau = :niveau : 	 1
03/01/2015 15:16:36 SELECT DISTINCT experience FROM niveau WHERE niveau = :niveau : 	 3
03/01/2015 15:16:36 SELECT DISTINCT experience FROM niveau WHERE niveau = :niveau : 	 2
03/01/2015 15:16:36 SELECT DISTINCT experience FROM niveau WHERE niveau = :niveau : 	 3
03/01/2015 15:16:36 SELECT DISTINCT experience FROM niveau WHERE niveau = :niveau : 	 2
03/01/2015 15:16:36 SELECT DISTINCT experience FROM niveau WHERE niveau = :niveau : 	 4
03/01/2015 15:16:36 SELECT DISTINCT experience FROM niveau WHERE niveau = :niveau : 	 1
03/01/2015 15:16:36 SELECT DISTINCT experience FROM niveau WHERE niveau = :niveau : 	 4
03/01/2015 15:16:36 SELECT DISTINCT experience FROM niveau WHERE niveau = :niveau : 	 3
03/01/2015 15:16:36 SELECT DISTINCT experience FROM niveau WHERE niveau = :niveau : 	 1
03/01/2015 15:16:36 SELECT DISTINCT experience FROM niveau WHERE niveau = :niveau : 	 1
03/01/2015 15:16:36 SELECT DISTINCT experience FROM niveau WHERE niveau = :niveau : 	 1
03/01/2015 15:16:36 SELECT DISTINCT experience FROM niveau WHERE niveau = :niveau : 	 3
03/01/2015 15:16:36 SELECT DISTINCT experience FROM niveau WHERE niveau = :niveau : 	 1
03/01/2015 15:16:36 SELECT DISTINCT experience FROM niveau WHERE niveau = :niveau : 	 1
03/01/2015 15:16:36 SELECT DISTINCT experience FROM niveau WHERE niveau = :niveau : 	 1
03/01/2015 15:16:36 SELECT DISTINCT experience FROM niveau WHERE niveau = :niveau : 	 1
03/01/2015 15:16:36 SELECT DISTINCT experience FROM niveau WHERE niveau = :niveau : 	 2
03/01/2015 15:16:36 SELECT DISTINCT experience FROM niveau WHERE niveau = :niveau : 	 2
03/01/2015 15:16:36 SELECT DISTINCT experience FROM niveau WHERE niveau = :niveau : 	 4
03/01/2015 15:16:36 SELECT DISTINCT experience FROM niveau WHERE niveau = :niveau : 	 5
03/01/2015 15:16:36 SELECT DISTINCT experience FROM niveau WHERE niveau = :niveau : 	 2
03/01/2015 15:16:36 SELECT DISTINCT experience FROM niveau WHERE niveau = :niveau : 	 5
03/01/2015 15:16:36 SELECT DISTINCT experience FROM niveau WHERE niveau = :niveau : 	 2
03/01/2015 15:16:36 SELECT DISTINCT experience FROM niveau WHERE niveau = :niveau : 	 4
03/01/2015 15:16:36 SELECT DISTINCT experience FROM niveau WHERE niveau = :niveau : 	 5
03/01/2015 15:16:36 SELECT DISTINCT experience FROM niveau WHERE niveau = :niveau : 	 6
03/01/2015 15:16:36 SELECT DISTINCT experience FROM niveau WHERE niveau = :niveau : 	 2
03/01/2015 15:16:36 SELECT DISTINCT experience FROM niveau WHERE niveau = :niveau : 	 6
03/01/2015 15:16:36 SELECT DISTINCT experience FROM niveau WHERE niveau = :niveau : 	 5
03/01/2015 15:16:36 SELECT DISTINCT experience FROM niveau WHERE niveau = :niveau : 	 6
03/01/2015 15:16:36 SELECT DISTINCT experience FROM niveau WHERE niveau = :niveau : 	 2
03/01/2015 15:16:36 SELECT DISTINCT experience FROM niveau WHERE niveau = :niveau : 	 6
03/01/2015 15:16:36 SELECT DISTINCT experience FROM niveau WHERE niveau = :niveau : 	 3
03/01/2015 15:16:36 SELECT DISTINCT experience FROM niveau WHERE niveau = :niveau : 	 5
03/01/2015 15:17:07 SELECT DISTINCT experience FROM niveau WHERE niveau = :niveau : 	 4
03/01/2015 15:17:07 SELECT DISTINCT experience FROM niveau WHERE niveau = :niveau : 	 2
03/01/2015 15:17:07 SELECT DISTINCT experience FROM niveau WHERE niveau = :niveau : 	 5
03/01/2015 15:17:08 SELECT DISTINCT experience FROM niveau WHERE niveau = :niveau : 	 4
03/01/2015 15:17:08 SELECT DISTINCT experience FROM niveau WHERE niveau = :niveau : 	 5
03/01/2015 15:17:08 SELECT DISTINCT experience FROM niveau WHERE niveau = :niveau : 	 5
03/01/2015 15:34:39 UPDATE personnage SET hp = :hp WHERE id_personnage =:id_personnage : 	 1|113
03/01/2015 15:39:04 UPDATE personnage SET hp = :hp WHERE id_personnage =:id_personnage : 	 1|105
03/01/2015 15:39:13 UPDATE personnage SET mp = :mp WHERE id_personnage =:id_personnage : 	 1|23
03/01/2015 15:39:13 UPDATE personnage SET hp = :hp WHERE id_personnage =:id_personnage : 	 1|104
03/01/2015 15:39:23 UPDATE personnage SET hp = :hp WHERE id_personnage =:id_personnage : 	 1|103
03/01/2015 15:39:38 UPDATE personnage SET hp = :hp WHERE id_personnage =:id_personnage : 	 1|101
03/01/2015 15:39:39 UPDATE personnage SET hp = :hp WHERE id_personnage =:id_personnage : 	 1|100
03/01/2015 15:39:40 UPDATE personnage SET hp = :hp WHERE id_personnage =:id_personnage : 	 1|99
03/01/2015 15:39:41 UPDATE personnage SET hp = :hp WHERE id_personnage =:id_personnage : 	 1|98
03/01/2015 15:39:42 UPDATE personnage SET hp = :hp WHERE id_personnage =:id_personnage : 	 1|97
03/01/2015 15:39:42 UPDATE personnage SET hp = :hp WHERE id_personnage =:id_personnage : 	 1|96
03/01/2015 15:39:42 UPDATE personnage SET hp = :hp WHERE id_personnage =:id_personnage : 	 1|95
03/01/2015 15:39:43 UPDATE personnage SET hp = :hp WHERE id_personnage =:id_personnage : 	 1|90
03/01/2015 15:39:43 UPDATE personnage SET hp = :hp WHERE id_personnage =:id_personnage : 	 1|88
03/01/2015 15:39:44 UPDATE personnage SET hp = :hp WHERE id_personnage =:id_personnage : 	 1|87
03/01/2015 15:39:44 UPDATE personnage SET hp = :hp WHERE id_personnage =:id_personnage : 	 1|79
03/01/2015 15:39:45 UPDATE personnage SET hp = :hp WHERE id_personnage =:id_personnage : 	 1|76
03/01/2015 15:39:45 UPDATE personnage SET hp = :hp WHERE id_personnage =:id_personnage : 	 1|64
03/01/2015 15:39:46 UPDATE personnage SET hp = :hp WHERE id_personnage =:id_personnage : 	 1|58
03/01/2015 15:39:46 UPDATE personnage SET hp = :hp WHERE id_personnage =:id_personnage : 	 1|56
03/01/2015 15:39:46 UPDATE personnage SET hp = :hp WHERE id_personnage =:id_personnage : 	 1|55
03/01/2015 15:39:47 UPDATE personnage SET hp = :hp WHERE id_personnage =:id_personnage : 	 1|50
03/01/2015 15:39:47 UPDATE personnage SET hp = :hp WHERE id_personnage =:id_personnage : 	 1|47
03/01/2015 15:39:47 UPDATE personnage SET hp = :hp WHERE id_personnage =:id_personnage : 	 1|36
03/01/2015 15:39:48 UPDATE personnage SET hp = :hp WHERE id_personnage =:id_personnage : 	 1|35
03/01/2015 15:39:48 UPDATE personnage SET hp = :hp WHERE id_personnage =:id_personnage : 	 1|34
03/01/2015 15:39:49 UPDATE personnage SET hp = :hp WHERE id_personnage =:id_personnage : 	 1|22
03/01/2015 15:39:51 UPDATE personnage SET hp = :hp WHERE id_personnage =:id_personnage : 	 1|21
03/01/2015 15:39:54 UPDATE personnage SET hp = :hp WHERE id_personnage =:id_personnage : 	 1|19
03/01/2015 15:39:58 UPDATE personnage SET hp = :hp WHERE id_personnage =:id_personnage : 	 1|8
03/01/2015 15:39:59 UPDATE personnage SET hp = :hp WHERE id_personnage =:id_personnage : 	 1|0
03/01/2015 15:40:05 SELECT DISTINCT * FROM personnage WHERE id_personnage = :id_personnage : 	 1
03/01/2015 15:40:05 SELECT DISTINCT * FROM personnage WHERE id_personnage = :id_personnage : 	 5
03/01/2015 15:40:05 SELECT DISTINCT * FROM personnage WHERE id_personnage = :id_personnage : 	 6
03/01/2015 15:40:07 SELECT DISTINCT * FROM personnage WHERE id_personnage = :id_personnage : 	 1
03/01/2015 15:40:07 SELECT DISTINCT * FROM personnage WHERE id_personnage = :id_personnage : 	 5
03/01/2015 15:40:07 SELECT DISTINCT * FROM personnage WHERE id_personnage = :id_personnage : 	 6
03/01/2015 15:40:10 SELECT DISTINCT * FROM personnage WHERE id_personnage = :id_personnage : 	 1
03/01/2015 15:40:10 SELECT DISTINCT * FROM personnage WHERE id_personnage = :id_personnage : 	 5
03/01/2015 15:40:10 SELECT DISTINCT * FROM personnage WHERE id_personnage = :id_personnage : 	 6
03/01/2015 15:40:10 UPDATE personnage SET id_equipe = :id_equipe WHERE id_personnage= :id_personnage : 	 |5
03/01/2015 15:40:10 UPDATE personnage SET id_equipe = :id_equipe WHERE id_personnage= :id_personnage : 	 1|5
03/01/2015 15:40:10 SELECT DISTINCT * FROM personnage WHERE id_personnage = :id_personnage : 	 5
03/01/2015 15:40:10 SELECT DISTINCT * FROM personnage WHERE id_personnage = :id_personnage : 	 1
03/01/2015 15:40:10 SELECT DISTINCT * FROM personnage WHERE id_personnage = :id_personnage : 	 6
03/01/2015 15:40:13 UPDATE personnage SET hp = :hp WHERE id_personnage = :id_personnage : 	 5|10
03/01/2015 15:40:13 UPDATE personnage SET mp = :mp WHERE id_personnage =:id_personnage : 	 5|5
03/01/2015 15:40:13 UPDATE personnage SET hp = :hp WHERE id_personnage = :id_personnage : 	 1|170
03/01/2015 15:40:13 UPDATE personnage SET mp = :mp WHERE id_personnage =:id_personnage : 	 1|60
03/01/2015 15:40:17 UPDATE personnage SET hp = :hp WHERE id_personnage =:id_personnage : 	 5|0
03/01/2015 15:41:04 UPDATE personnage SET mp = :mp WHERE id_personnage =:id_personnage : 	 1|54
03/01/2015 15:41:04 UPDATE personnage SET hp = :hp WHERE id_personnage =:id_personnage : 	 1|169
03/01/2015 15:46:43 UPDATE personnage SET mp = :mp WHERE id_personnage =:id_personnage : 	 5|4
03/01/2015 15:46:43 UPDATE personnage SET hp = :hp WHERE id_personnage =:id_personnage : 	 1|167
03/01/2015 15:46:55 UPDATE personnage SET mp = :mp WHERE id_personnage =:id_personnage : 	 1|48
03/01/2015 15:46:55 UPDATE personnage SET hp = :hp WHERE id_personnage =:id_personnage : 	 1|159
03/01/2015 15:51:34 UPDATE personnage SET hp = :hp WHERE id_personnage =:id_personnage : 	 1|158
03/01/2015 15:53:09 UPDATE personnage SET hp = :hp WHERE id_personnage =:id_personnage : 	 1|155
03/01/2015 15:53:12 UPDATE personnage SET hp = :hp WHERE id_personnage =:id_personnage : 	 1|147
03/01/2015 15:53:46 UPDATE personnage SET hp = :hp WHERE id_personnage =:id_personnage : 	 1|142
03/01/2015 15:53:47 UPDATE personnage SET hp = :hp WHERE id_personnage =:id_personnage : 	 1|139
03/01/2015 15:53:50 UPDATE personnage SET hp = :hp WHERE id_personnage =:id_personnage : 	 1|137
03/01/2015 15:54:30 UPDATE personnage SET hp = :hp WHERE id_personnage =:id_personnage : 	 1|136
03/01/2015 15:54:46 UPDATE personnage SET hp = :hp WHERE id_personnage =:id_personnage : 	 1|135
03/01/2015 15:54:48 UPDATE personnage SET hp = :hp WHERE id_personnage =:id_personnage : 	 1|134
03/01/2015 15:54:50 UPDATE personnage SET hp = :hp WHERE id_personnage =:id_personnage : 	 1|133
03/01/2015 15:54:52 UPDATE personnage SET hp = :hp WHERE id_personnage =:id_personnage : 	 1|132
03/01/2015 15:54:53 UPDATE personnage SET hp = :hp WHERE id_personnage =:id_personnage : 	 1|123
03/01/2015 15:56:10 UPDATE personnage SET hp = :hp WHERE id_personnage =:id_personnage : 	 1|122
03/01/2015 15:56:12 UPDATE personnage SET hp = :hp WHERE id_personnage =:id_personnage : 	 1|120
03/01/2015 15:56:16 SELECT DISTINCT experience FROM niveau WHERE niveau = :niveau : 	 4
03/01/2015 15:56:16 SELECT DISTINCT experience FROM niveau WHERE niveau = :niveau : 	 2
03/01/2015 15:56:16 SELECT DISTINCT experience FROM niveau WHERE niveau = :niveau : 	 4
03/01/2015 15:56:16 SELECT DISTINCT experience FROM niveau WHERE niveau = :niveau : 	 2
03/01/2015 15:56:16 UPDATE personnage SET id_equipe = :id_equipe WHERE id_personnage= :id_personnage : 	 |5
03/01/2015 15:56:16 UPDATE personnage SET id_equipe = :id_equipe WHERE id_personnage= :id_personnage : 	 2|5
03/01/2015 15:56:16 UPDATE personnage SET mp = :mp WHERE id_personnage =:id_personnage : 	 1|47
03/01/2015 15:56:16 SELECT DISTINCT * FROM personnage WHERE id_personnage = :id_personnage : 	 1
03/01/2015 15:56:16 SELECT DISTINCT * FROM personnage WHERE id_personnage = :id_personnage : 	 6
03/01/2015 15:56:16 SELECT DISTINCT * FROM personnage WHERE id_personnage = :id_personnage : 	 5
03/01/2015 15:56:16 UPDATE personnage SET hp = :hp WHERE id_personnage =:id_personnage : 	 1|116
03/01/2015 15:56:16 UPDATE personnage SET hp = :hp WHERE id_personnage =:id_personnage : 	 1|113
03/01/2015 15:56:16 UPDATE personnage SET hp = :hp WHERE id_personnage =:id_personnage : 	 1|112
03/01/2015 15:56:16 UPDATE personnage SET hp = :hp WHERE id_personnage =:id_personnage : 	 1|111
03/01/2015 15:56:16 UPDATE personnage SET mp = :mp WHERE id_personnage =:id_personnage : 	 1|46
03/01/2015 15:56:16 UPDATE personnage SET hp = :hp WHERE id_personnage =:id_personnage : 	 1|110
03/01/2015 15:56:16 UPDATE personnage SET hp = :hp WHERE id_personnage =:id_personnage : 	 1|109
03/01/2015 15:56:16 UPDATE personnage SET hp = :hp WHERE id_personnage =:id_personnage : 	 1|108
03/01/2015 15:56:16 UPDATE personnage SET mp = :mp WHERE id_personnage =:id_personnage : 	 1|45
03/01/2015 15:56:16 UPDATE personnage SET hp = :hp WHERE id_personnage =:id_personnage : 	 1|104
03/01/2015 15:56:16 UPDATE personnage SET hp = :hp WHERE id_personnage =:id_personnage : 	 1|100
03/01/2015 15:56:16 UPDATE personnage SET hp = :hp WHERE id_personnage =:id_personnage : 	 1|99
03/01/2015 15:56:16 UPDATE personnage SET mp = :mp WHERE id_personnage =:id_personnage : 	 1|44
03/01/2015 15:56:16 UPDATE personnage SET hp = :hp WHERE id_personnage =:id_personnage : 	 1|98
03/01/2015 15:56:16 UPDATE personnage SET hp = :hp WHERE id_personnage =:id_personnage : 	 1|94
03/01/2015 15:56:16 UPDATE personnage SET hp = :hp WHERE id_personnage =:id_personnage : 	 1|91
03/01/2015 15:56:16 UPDATE personnage SET mp = :mp WHERE id_personnage =:id_personnage : 	 1|43
03/01/2015 15:56:16 UPDATE personnage SET hp = :hp WHERE id_personnage =:id_personnage : 	 1|87
03/01/2015 15:56:16 UPDATE personnage SET hp = :hp WHERE id_personnage =:id_personnage : 	 1|83
03/01/2015 15:56:16 UPDATE personnage SET mp = :mp WHERE id_personnage =:id_personnage : 	 1|42
03/01/2015 15:56:16 UPDATE personnage SET hp = :hp WHERE id_personnage =:id_personnage : 	 1|79
03/01/2015 15:56:16 UPDATE personnage SET hp = :hp WHERE id_personnage =:id_personnage : 	 1|74
03/01/2015 15:56:16 UPDATE personnage SET mp = :mp WHERE id_personnage =:id_personnage : 	 1|41
03/01/2015 15:56:16 UPDATE personnage SET hp = :hp WHERE id_personnage =:id_personnage : 	 1|69
03/01/2015 15:56:16 UPDATE personnage SET hp = :hp WHERE id_personnage =:id_personnage : 	 1|65
03/01/2015 15:56:16 UPDATE personnage SET mp = :mp WHERE id_personnage =:id_personnage : 	 1|40
03/01/2015 15:56:16 UPDATE personnage SET hp = :hp WHERE id_personnage =:id_personnage : 	 1|61
03/01/2015 15:56:16 UPDATE personnage SET mp = :mp WHERE id_personnage =:id_personnage : 	 1|39
03/01/2015 15:56:16 UPDATE personnage SET hp = :hp WHERE id_personnage =:id_personnage : 	 1|60
03/01/2015 15:56:16 UPDATE personnage SET mp = :mp WHERE id_personnage =:id_personnage : 	 1|38
03/01/2015 15:56:16 UPDATE personnage SET hp = :hp WHERE id_personnage =:id_personnage : 	 1|59
03/01/2015 15:56:16 UPDATE personnage SET mp = :mp WHERE id_personnage =:id_personnage : 	 1|37
03/01/2015 15:56:16 UPDATE personnage SET experience = :experience WHERE id_personnage =:id_personnage : 	 1|2944
03/01/2015 15:56:28 UPDATE personnage SET hp = :hp WHERE id_personnage =:id_personnage : 	 1|58
03/01/2015 15:56:31 UPDATE personnage SET hp = :hp WHERE id_personnage =:id_personnage : 	 1|57
03/01/2015 15:58:00 UPDATE personnage SET hp = :hp WHERE id_personnage =:id_personnage : 	 1|56
03/01/2015 15:58:03 UPDATE personnage SET hp = :hp WHERE id_personnage =:id_personnage : 	 1|55
03/01/2015 15:58:13 UPDATE personnage SET hp = :hp WHERE id_personnage =:id_personnage : 	 1|49
03/01/2015 15:58:26 UPDATE personnage SET hp = :hp WHERE id_personnage =:id_personnage : 	 1|48
03/01/2015 15:58:53 UPDATE personnage SET hp = :hp WHERE id_personnage =:id_personnage : 	 1|47
03/01/2015 15:59:21 UPDATE personnage SET hp = :hp WHERE id_personnage =:id_personnage : 	 1|46
03/01/2015 18:22:37 SELECT DISTINCT * FROM personnage WHERE id_personnage = :id_personnage : 	 1
03/01/2015 18:22:37 SELECT DISTINCT * FROM personnage WHERE id_personnage = :id_personnage : 	 5
03/01/2015 18:22:37 SELECT DISTINCT * FROM personnage WHERE id_personnage = :id_personnage : 	 6
03/01/2015 18:22:37 SELECT DISTINCT experience FROM niveau WHERE niveau = :niveau : 	 1
03/01/2015 18:22:37 SELECT DISTINCT experience FROM niveau WHERE niveau = :niveau : 	 5
03/01/2015 18:22:37 SELECT DISTINCT experience FROM niveau WHERE niveau = :niveau : 	 4
03/01/2015 18:22:39 UPDATE personnage SET hp = :hp WHERE id_personnage =:id_personnage : 	 1|45
03/01/2015 18:22:45 UPDATE personnage SET hp = :hp WHERE id_personnage =:id_personnage : 	 1|41
03/01/2015 18:23:22 UPDATE personnage SET hp = :hp WHERE id_personnage =:id_personnage : 	 1|37
03/01/2015 18:23:36 UPDATE personnage SET hp = :hp WHERE id_personnage =:id_personnage : 	 1|36
03/01/2015 18:23:38 UPDATE personnage SET hp = :hp WHERE id_personnage =:id_personnage : 	 1|32
03/01/2015 18:23:40 UPDATE personnage SET hp = :hp WHERE id_personnage =:id_personnage : 	 1|27
03/01/2015 18:26:15 UPDATE personnage SET hp = :hp WHERE id_personnage =:id_personnage : 	 1|26
03/01/2015 18:27:36 SELECT DISTINCT experience FROM niveau WHERE niveau = :niveau : 	 4
03/01/2015 18:27:36 SELECT DISTINCT experience FROM niveau WHERE niveau = :niveau : 	 2
03/01/2015 18:27:36 SELECT DISTINCT experience FROM niveau WHERE niveau = :niveau : 	 4
03/01/2015 18:27:36 UPDATE personnage SET mp = :mp WHERE id_personnage =:id_personnage : 	 1|36
03/01/2015 18:27:36 SELECT DISTINCT * FROM personnage WHERE id_personnage = :id_personnage : 	 1
03/01/2015 18:27:36 SELECT DISTINCT * FROM personnage WHERE id_personnage = :id_personnage : 	 5
03/01/2015 18:27:36 SELECT DISTINCT * FROM personnage WHERE id_personnage = :id_personnage : 	 6
03/01/2015 18:27:36 UPDATE personnage SET hp = :hp WHERE id_personnage =:id_personnage : 	 1|25
03/01/2015 18:27:36 UPDATE personnage SET hp = :hp WHERE id_personnage =:id_personnage : 	 1|24
03/01/2015 18:27:36 UPDATE personnage SET mp = :mp WHERE id_personnage =:id_personnage : 	 1|35
03/01/2015 18:27:36 UPDATE personnage SET hp = :hp WHERE id_personnage =:id_personnage : 	 1|23
03/01/2015 18:27:36 UPDATE personnage SET hp = :hp WHERE id_personnage =:id_personnage : 	 1|18
03/01/2015 18:27:36 UPDATE personnage SET mp = :mp WHERE id_personnage =:id_personnage : 	 1|34
03/01/2015 18:27:36 UPDATE personnage SET hp = :hp WHERE id_personnage =:id_personnage : 	 1|17
03/01/2015 18:27:36 UPDATE personnage SET hp = :hp WHERE id_personnage =:id_personnage : 	 1|16
03/01/2015 18:27:36 UPDATE personnage SET mp = :mp WHERE id_personnage =:id_personnage : 	 1|33
03/01/2015 18:27:36 UPDATE personnage SET hp = :hp WHERE id_personnage =:id_personnage : 	 1|10
03/01/2015 18:27:36 UPDATE personnage SET hp = :hp WHERE id_personnage =:id_personnage : 	 1|6
03/01/2015 18:27:36 UPDATE personnage SET mp = :mp WHERE id_personnage =:id_personnage : 	 1|32
03/01/2015 18:27:36 UPDATE personnage SET hp = :hp WHERE id_personnage =:id_personnage : 	 1|5
03/01/2015 18:27:36 UPDATE personnage SET hp = :hp WHERE id_personnage =:id_personnage : 	 1|1
03/01/2015 18:27:36 UPDATE personnage SET mp = :mp WHERE id_personnage =:id_personnage : 	 1|31
03/01/2015 18:27:36 UPDATE personnage SET hp = :hp WHERE id_personnage =:id_personnage : 	 1|0
03/01/2015 18:27:55 SELECT DISTINCT * FROM personnage WHERE id_personnage = :id_personnage : 	 1
03/01/2015 18:27:55 SELECT DISTINCT * FROM personnage WHERE id_personnage = :id_personnage : 	 5
03/01/2015 18:27:55 SELECT DISTINCT * FROM personnage WHERE id_personnage = :id_personnage : 	 6
03/01/2015 18:27:56 SELECT DISTINCT * FROM personnage WHERE id_personnage = :id_personnage : 	 1
03/01/2015 18:27:56 SELECT DISTINCT * FROM personnage WHERE id_personnage = :id_personnage : 	 5
03/01/2015 18:27:56 SELECT DISTINCT * FROM personnage WHERE id_personnage = :id_personnage : 	 6
03/01/2015 18:28:05 UPDATE personnage SET hp = :hp WHERE id_personnage = :id_personnage : 	 1|170
03/01/2015 18:28:05 UPDATE personnage SET mp = :mp WHERE id_personnage =:id_personnage : 	 1|60
03/01/2015 18:28:07 UPDATE personnage SET hp = :hp WHERE id_personnage =:id_personnage : 	 1|166
03/01/2015 18:28:41 SELECT DISTINCT experience FROM niveau WHERE niveau = :niveau : 	 4
03/01/2015 18:28:41 SELECT DISTINCT experience FROM niveau WHERE niveau = :niveau : 	 2
03/01/2015 18:28:41 SELECT DISTINCT experience FROM niveau WHERE niveau = :niveau : 	 2
03/01/2015 18:28:41 SELECT DISTINCT experience FROM niveau WHERE niveau = :niveau : 	 5
03/01/2015 18:28:41 SELECT DISTINCT experience FROM niveau WHERE niveau = :niveau : 	 4
03/01/2015 18:28:41 SELECT DISTINCT experience FROM niveau WHERE niveau = :niveau : 	 2
03/01/2015 18:28:41 SELECT DISTINCT experience FROM niveau WHERE niveau = :niveau : 	 2
03/01/2015 18:28:41 SELECT DISTINCT experience FROM niveau WHERE niveau = :niveau : 	 4
03/01/2015 18:28:41 SELECT DISTINCT experience FROM niveau WHERE niveau = :niveau : 	 3
03/01/2015 18:28:41 SELECT DISTINCT experience FROM niveau WHERE niveau = :niveau : 	 2
03/01/2015 18:28:41 SELECT DISTINCT experience FROM niveau WHERE niveau = :niveau : 	 1
03/01/2015 18:28:41 SELECT DISTINCT experience FROM niveau WHERE niveau = :niveau : 	 1
03/01/2015 18:28:41 SELECT DISTINCT experience FROM niveau WHERE niveau = :niveau : 	 2
03/01/2015 18:28:41 SELECT DISTINCT experience FROM niveau WHERE niveau = :niveau : 	 3
03/01/2015 18:28:41 SELECT DISTINCT experience FROM niveau WHERE niveau = :niveau : 	 2
03/01/2015 18:28:41 SELECT DISTINCT experience FROM niveau WHERE niveau = :niveau : 	 1
03/01/2015 18:28:41 SELECT DISTINCT experience FROM niveau WHERE niveau = :niveau : 	 1
03/01/2015 18:28:41 SELECT DISTINCT experience FROM niveau WHERE niveau = :niveau : 	 3
03/01/2015 18:28:41 SELECT DISTINCT experience FROM niveau WHERE niveau = :niveau : 	 1
03/01/2015 18:28:41 SELECT DISTINCT experience FROM niveau WHERE niveau = :niveau : 	 1
03/01/2015 18:28:42 SELECT DISTINCT experience FROM niveau WHERE niveau = :niveau : 	 1
03/01/2015 18:28:42 SELECT DISTINCT experience FROM niveau WHERE niveau = :niveau : 	 4
03/01/2015 18:28:42 SELECT DISTINCT experience FROM niveau WHERE niveau = :niveau : 	 5
03/01/2015 18:28:42 SELECT DISTINCT experience FROM niveau WHERE niveau = :niveau : 	 2
03/01/2015 18:28:42 SELECT DISTINCT experience FROM niveau WHERE niveau = :niveau : 	 1
03/01/2015 18:28:42 SELECT DISTINCT experience FROM niveau WHERE niveau = :niveau : 	 3
03/01/2015 18:28:42 SELECT DISTINCT experience FROM niveau WHERE niveau = :niveau : 	 2
03/01/2015 18:28:42 SELECT DISTINCT experience FROM niveau WHERE niveau = :niveau : 	 5
03/01/2015 18:28:42 SELECT DISTINCT experience FROM niveau WHERE niveau = :niveau : 	 6
03/01/2015 18:28:42 SELECT DISTINCT experience FROM niveau WHERE niveau = :niveau : 	 6
03/01/2015 18:28:42 SELECT DISTINCT experience FROM niveau WHERE niveau = :niveau : 	 2
03/01/2015 18:28:42 SELECT DISTINCT experience FROM niveau WHERE niveau = :niveau : 	 2
03/01/2015 18:28:42 SELECT DISTINCT experience FROM niveau WHERE niveau = :niveau : 	 4
03/01/2015 18:28:42 SELECT DISTINCT experience FROM niveau WHERE niveau = :niveau : 	 4
03/01/2015 18:28:42 SELECT DISTINCT experience FROM niveau WHERE niveau = :niveau : 	 4
03/01/2015 18:28:42 SELECT DISTINCT experience FROM niveau WHERE niveau = :niveau : 	 4
03/01/2015 18:28:42 SELECT DISTINCT experience FROM niveau WHERE niveau = :niveau : 	 1
03/01/2015 18:28:42 SELECT DISTINCT experience FROM niveau WHERE niveau = :niveau : 	 4
03/01/2015 18:28:42 SELECT DISTINCT experience FROM niveau WHERE niveau = :niveau : 	 6
03/01/2015 22:01:29 SELECT DISTINCT * FROM personnage WHERE id_personnage = :id_personnage : 	 1
03/01/2015 22:01:29 SELECT DISTINCT * FROM personnage WHERE id_personnage = :id_personnage : 	 5
03/01/2015 22:01:29 SELECT DISTINCT * FROM personnage WHERE id_personnage = :id_personnage : 	 6
03/01/2015 22:01:29 SELECT DISTINCT experience FROM niveau WHERE niveau = :niveau : 	 4
03/01/2015 22:01:29 SELECT DISTINCT experience FROM niveau WHERE niveau = :niveau : 	 3
03/01/2015 22:01:29 SELECT DISTINCT experience FROM niveau WHERE niveau = :niveau : 	 3
03/01/2015 22:01:30 UPDATE personnage SET hp = :hp WHERE id_personnage =:id_personnage : 	 1|161
03/01/2015 22:02:45 UPDATE personnage SET hp = :hp WHERE id_personnage =:id_personnage : 	 1|160
03/01/2015 22:02:47 UPDATE personnage SET hp = :hp WHERE id_personnage =:id_personnage : 	 1|157
03/01/2015 22:02:50 UPDATE personnage SET hp = :hp WHERE id_personnage =:id_personnage : 	 1|153
03/01/2015 22:02:55 UPDATE personnage SET mp = :mp WHERE id_personnage =:id_personnage : 	 1|59
03/01/2015 22:02:55 UPDATE personnage SET hp = :hp WHERE id_personnage =:id_personnage : 	 1|152
03/01/2015 22:03:04 UPDATE personnage SET mp = :mp WHERE id_personnage =:id_personnage : 	 1|58
03/01/2015 22:03:04 UPDATE personnage SET hp = :hp WHERE id_personnage =:id_personnage : 	 1|149
03/01/2015 22:04:23 UPDATE personnage SET mp = :mp WHERE id_personnage =:id_personnage : 	 1|57
03/01/2015 22:04:23 UPDATE personnage SET hp = :hp WHERE id_personnage =:id_personnage : 	 1|144
03/01/2015 22:04:38 UPDATE personnage SET hp = :hp WHERE id_personnage =:id_personnage : 	 1|143
03/01/2015 22:04:38 UPDATE personnage SET hp = :hp WHERE id_personnage =:id_personnage : 	 1|142
03/01/2015 22:05:18 UPDATE personnage SET hp = :hp WHERE id_personnage =:id_personnage : 	 1|141
03/01/2015 22:05:34 UPDATE personnage SET hp = :hp WHERE id_personnage =:id_personnage : 	 1|140
03/01/2015 22:05:58 UPDATE personnage SET hp = :hp WHERE id_personnage =:id_personnage : 	 1|137
03/01/2015 22:06:18 UPDATE personnage SET hp = :hp WHERE id_personnage =:id_personnage : 	 1|132
03/01/2015 22:06:52 UPDATE personnage SET hp = :hp WHERE id_personnage =:id_personnage : 	 1|131
03/01/2015 22:07:03 UPDATE personnage SET hp = :hp WHERE id_personnage =:id_personnage : 	 1|127
03/01/2015 22:07:25 UPDATE personnage SET hp = :hp WHERE id_personnage =:id_personnage : 	 1|122
03/01/2015 22:07:26 UPDATE personnage SET hp = :hp WHERE id_personnage =:id_personnage : 	 1|121
03/01/2015 22:07:27 UPDATE personnage SET hp = :hp WHERE id_personnage =:id_personnage : 	 1|118
03/01/2015 22:07:28 UPDATE personnage SET hp = :hp WHERE id_personnage =:id_personnage : 	 1|113
03/01/2015 22:07:28 UPDATE personnage SET hp = :hp WHERE id_personnage =:id_personnage : 	 1|110
03/01/2015 22:07:29 UPDATE personnage SET hp = :hp WHERE id_personnage =:id_personnage : 	 1|107
03/01/2015 22:08:33 UPDATE personnage SET hp = :hp WHERE id_personnage =:id_personnage : 	 1|106
03/01/2015 22:08:57 UPDATE personnage SET hp = :hp WHERE id_personnage =:id_personnage : 	 1|105
03/01/2015 22:09:17 UPDATE personnage SET hp = :hp WHERE id_personnage =:id_personnage : 	 1|101
03/01/2015 22:09:18 UPDATE personnage SET hp = :hp WHERE id_personnage =:id_personnage : 	 1|96
03/01/2015 22:09:19 UPDATE personnage SET hp = :hp WHERE id_personnage =:id_personnage : 	 1|94
03/01/2015 22:09:19 UPDATE personnage SET hp = :hp WHERE id_personnage =:id_personnage : 	 1|90
03/01/2015 22:09:20 UPDATE personnage SET hp = :hp WHERE id_personnage =:id_personnage : 	 1|89
03/01/2015 22:09:21 UPDATE personnage SET hp = :hp WHERE id_personnage =:id_personnage : 	 1|88
03/01/2015 22:09:21 UPDATE personnage SET hp = :hp WHERE id_personnage =:id_personnage : 	 1|87
03/01/2015 22:09:22 UPDATE personnage SET hp = :hp WHERE id_personnage =:id_personnage : 	 1|82
03/01/2015 22:09:23 UPDATE personnage SET hp = :hp WHERE id_personnage =:id_personnage : 	 1|81
03/01/2015 22:09:29 UPDATE personnage SET hp = :hp WHERE id_personnage =:id_personnage : 	 1|78
03/01/2015 22:09:35 UPDATE personnage SET mp = :mp WHERE id_personnage =:id_personnage : 	 1|56
03/01/2015 22:09:35 UPDATE personnage SET hp = :hp WHERE id_personnage =:id_personnage : 	 1|77
03/01/2015 22:09:42 UPDATE personnage SET mp = :mp WHERE id_personnage =:id_personnage : 	 1|55
03/01/2015 22:09:42 UPDATE personnage SET hp = :hp WHERE id_personnage =:id_personnage : 	 1|73
03/01/2015 22:09:53 UPDATE personnage SET mp = :mp WHERE id_personnage =:id_personnage : 	 1|54
03/01/2015 22:09:53 UPDATE personnage SET hp = :hp WHERE id_personnage =:id_personnage : 	 1|70
03/01/2015 22:10:04 SELECT DISTINCT experience FROM niveau WHERE niveau = :niveau : 	 3
03/01/2015 22:10:04 SELECT DISTINCT experience FROM niveau WHERE niveau = :niveau : 	 2
03/01/2015 22:10:04 SELECT DISTINCT experience FROM niveau WHERE niveau = :niveau : 	 2
03/01/2015 22:10:04 SELECT DISTINCT experience FROM niveau WHERE niveau = :niveau : 	 1
03/01/2015 22:10:04 SELECT DISTINCT experience FROM niveau WHERE niveau = :niveau : 	 1
03/01/2015 22:10:04 SELECT DISTINCT experience FROM niveau WHERE niveau = :niveau : 	 2
03/01/2015 22:10:04 SELECT DISTINCT experience FROM niveau WHERE niveau = :niveau : 	 3
03/01/2015 22:10:04 SELECT DISTINCT experience FROM niveau WHERE niveau = :niveau : 	 4
03/01/2015 22:10:04 SELECT DISTINCT experience FROM niveau WHERE niveau = :niveau : 	 4
03/01/2015 22:10:04 SELECT DISTINCT experience FROM niveau WHERE niveau = :niveau : 	 3
03/01/2015 22:10:04 SELECT DISTINCT experience FROM niveau WHERE niveau = :niveau : 	 1
03/01/2015 22:10:05 SELECT DISTINCT experience FROM niveau WHERE niveau = :niveau : 	 4
03/01/2015 22:10:05 SELECT DISTINCT experience FROM niveau WHERE niveau = :niveau : 	 4
03/01/2015 22:10:05 SELECT DISTINCT experience FROM niveau WHERE niveau = :niveau : 	 1
03/01/2015 22:10:05 SELECT DISTINCT experience FROM niveau WHERE niveau = :niveau : 	 4
03/01/2015 22:10:05 SELECT DISTINCT experience FROM niveau WHERE niveau = :niveau : 	 3
03/01/2015 22:10:05 SELECT DISTINCT experience FROM niveau WHERE niveau = :niveau : 	 2
03/01/2015 22:10:05 SELECT DISTINCT experience FROM niveau WHERE niveau = :niveau : 	 1
03/01/2015 22:10:05 SELECT DISTINCT experience FROM niveau WHERE niveau = :niveau : 	 1
03/01/2015 22:10:05 SELECT DISTINCT experience FROM niveau WHERE niveau = :niveau : 	 2
03/01/2015 22:10:05 SELECT DISTINCT experience FROM niveau WHERE niveau = :niveau : 	 1
03/01/2015 22:10:05 SELECT DISTINCT experience FROM niveau WHERE niveau = :niveau : 	 1
03/01/2015 22:10:05 SELECT DISTINCT experience FROM niveau WHERE niveau = :niveau : 	 1
03/01/2015 22:10:05 SELECT DISTINCT experience FROM niveau WHERE niveau = :niveau : 	 1
03/01/2015 22:10:05 SELECT DISTINCT experience FROM niveau WHERE niveau = :niveau : 	 1
03/01/2015 22:10:05 SELECT DISTINCT experience FROM niveau WHERE niveau = :niveau : 	 1
03/01/2015 22:10:05 SELECT DISTINCT experience FROM niveau WHERE niveau = :niveau : 	 1
03/01/2015 22:10:05 SELECT DISTINCT experience FROM niveau WHERE niveau = :niveau : 	 1
03/01/2015 22:10:05 SELECT DISTINCT experience FROM niveau WHERE niveau = :niveau : 	 1
03/01/2015 22:10:05 SELECT DISTINCT experience FROM niveau WHERE niveau = :niveau : 	 2
03/01/2015 22:10:05 SELECT DISTINCT experience FROM niveau WHERE niveau = :niveau : 	 1
03/01/2015 22:10:05 SELECT DISTINCT experience FROM niveau WHERE niveau = :niveau : 	 1
03/01/2015 22:10:05 SELECT DISTINCT experience FROM niveau WHERE niveau = :niveau : 	 2
03/01/2015 22:10:05 SELECT DISTINCT experience FROM niveau WHERE niveau = :niveau : 	 4
03/01/2015 22:10:05 SELECT DISTINCT experience FROM niveau WHERE niveau = :niveau : 	 3
03/01/2015 22:10:05 SELECT DISTINCT experience FROM niveau WHERE niveau = :niveau : 	 3
03/01/2015 22:10:05 SELECT DISTINCT experience FROM niveau WHERE niveau = :niveau : 	 1
03/01/2015 22:10:05 SELECT DISTINCT experience FROM niveau WHERE niveau = :niveau : 	 2
03/01/2015 22:10:05 SELECT DISTINCT experience FROM niveau WHERE niveau = :niveau : 	 5
03/01/2015 22:10:05 SELECT DISTINCT experience FROM niveau WHERE niveau = :niveau : 	 4
03/01/2015 22:10:05 SELECT DISTINCT experience FROM niveau WHERE niveau = :niveau : 	 6
03/01/2015 22:10:05 SELECT DISTINCT experience FROM niveau WHERE niveau = :niveau : 	 3
03/01/2015 22:10:05 SELECT DISTINCT experience FROM niveau WHERE niveau = :niveau : 	 5
03/01/2015 22:10:05 SELECT DISTINCT experience FROM niveau WHERE niveau = :niveau : 	 4
03/01/2015 22:10:05 SELECT DISTINCT experience FROM niveau WHERE niveau = :niveau : 	 3
03/01/2015 22:10:05 SELECT DISTINCT experience FROM niveau WHERE niveau = :niveau : 	 3
03/01/2015 22:10:05 SELECT DISTINCT experience FROM niveau WHERE niveau = :niveau : 	 3
03/01/2015 22:10:05 SELECT DISTINCT experience FROM niveau WHERE niveau = :niveau : 	 1
03/01/2015 22:10:05 SELECT DISTINCT experience FROM niveau WHERE niveau = :niveau : 	 2
03/01/2015 22:10:05 SELECT DISTINCT experience FROM niveau WHERE niveau = :niveau : 	 3
03/01/2015 22:10:05 SELECT DISTINCT experience FROM niveau WHERE niveau = :niveau : 	 1
03/01/2015 22:10:05 SELECT DISTINCT experience FROM niveau WHERE niveau = :niveau : 	 5
03/01/2015 22:10:05 SELECT DISTINCT experience FROM niveau WHERE niveau = :niveau : 	 2
03/01/2015 22:10:05 SELECT DISTINCT experience FROM niveau WHERE niveau = :niveau : 	 7
03/01/2015 22:10:05 SELECT DISTINCT experience FROM niveau WHERE niveau = :niveau : 	 2
03/01/2015 22:10:05 SELECT DISTINCT experience FROM niveau WHERE niveau = :niveau : 	 2
03/01/2015 22:10:05 SELECT DISTINCT experience FROM niveau WHERE niveau = :niveau : 	 1
03/01/2015 22:10:05 SELECT DISTINCT experience FROM niveau WHERE niveau = :niveau : 	 6
03/01/2015 22:10:07 UPDATE personnage SET hp = :hp WHERE id_personnage =:id_personnage : 	 1|66
03/01/2015 22:10:09 SELECT DISTINCT experience FROM niveau WHERE niveau = :niveau : 	 3
03/01/2015 22:10:09 SELECT DISTINCT experience FROM niveau WHERE niveau = :niveau : 	 4
03/01/2015 22:10:09 SELECT DISTINCT experience FROM niveau WHERE niveau = :niveau : 	 4
03/01/2015 22:10:09 UPDATE personnage SET mp = :mp WHERE id_personnage =:id_personnage : 	 1|53
03/01/2015 22:10:09 SELECT DISTINCT * FROM personnage WHERE id_personnage = :id_personnage : 	 1
03/01/2015 22:10:09 SELECT DISTINCT * FROM personnage WHERE id_personnage = :id_personnage : 	 5
03/01/2015 22:10:09 SELECT DISTINCT * FROM personnage WHERE id_personnage = :id_personnage : 	 6
03/01/2015 22:10:09 UPDATE personnage SET hp = :hp WHERE id_personnage =:id_personnage : 	 1|65
03/01/2015 22:10:09 UPDATE personnage SET hp = :hp WHERE id_personnage =:id_personnage : 	 1|64
03/01/2015 22:10:09 UPDATE personnage SET hp = :hp WHERE id_personnage =:id_personnage : 	 1|63
03/01/2015 22:10:09 UPDATE personnage SET mp = :mp WHERE id_personnage =:id_personnage : 	 1|52
03/01/2015 22:10:09 UPDATE personnage SET hp = :hp WHERE id_personnage =:id_personnage : 	 1|62
03/01/2015 22:10:09 UPDATE personnage SET hp = :hp WHERE id_personnage =:id_personnage : 	 1|56
03/01/2015 22:10:09 UPDATE personnage SET mp = :mp WHERE id_personnage =:id_personnage : 	 1|51
03/01/2015 22:10:09 UPDATE personnage SET hp = :hp WHERE id_personnage =:id_personnage : 	 1|52
03/01/2015 22:10:09 UPDATE personnage SET hp = :hp WHERE id_personnage =:id_personnage : 	 1|44
03/01/2015 22:10:09 UPDATE personnage SET mp = :mp WHERE id_personnage =:id_personnage : 	 1|50
03/01/2015 22:10:09 UPDATE personnage SET hp = :hp WHERE id_personnage =:id_personnage : 	 1|40
03/01/2015 22:10:09 UPDATE personnage SET hp = :hp WHERE id_personnage =:id_personnage : 	 1|34
03/01/2015 22:10:09 UPDATE personnage SET mp = :mp WHERE id_personnage =:id_personnage : 	 1|49
03/01/2015 22:10:09 UPDATE personnage SET hp = :hp WHERE id_personnage =:id_personnage : 	 1|33
03/01/2015 22:10:09 UPDATE personnage SET mp = :mp WHERE id_personnage =:id_personnage : 	 1|48
03/01/2015 22:10:09 UPDATE personnage SET hp = :hp WHERE id_personnage =:id_personnage : 	 1|27
03/01/2015 22:10:10 UPDATE personnage SET mp = :mp WHERE id_personnage =:id_personnage : 	 1|47
03/01/2015 22:10:10 UPDATE personnage SET hp = :hp WHERE id_personnage =:id_personnage : 	 1|19
03/01/2015 22:10:10 UPDATE personnage SET mp = :mp WHERE id_personnage =:id_personnage : 	 1|46
03/01/2015 22:10:10 UPDATE personnage SET hp = :hp WHERE id_personnage =:id_personnage : 	 1|13
03/01/2015 22:10:10 UPDATE personnage SET mp = :mp WHERE id_personnage =:id_personnage : 	 1|45
03/01/2015 22:10:10 UPDATE personnage SET experience = :experience WHERE id_personnage =:id_personnage : 	 1|2992
03/01/2015 22:10:11 UPDATE personnage SET hp = :hp WHERE id_personnage =:id_personnage : 	 1|12
03/01/2015 22:10:30 UPDATE personnage SET mp = :mp WHERE id_personnage =:id_personnage : 	 1|39
03/01/2015 22:10:30 UPDATE personnage SET hp = :hp WHERE id_personnage =:id_personnage : 	 1|9
03/01/2015 22:10:47 UPDATE personnage SET mp = :mp WHERE id_personnage =:id_personnage : 	 1|38
03/01/2015 22:10:47 UPDATE personnage SET hp = :hp WHERE id_personnage =:id_personnage : 	 1|5
03/01/2015 22:10:59 UPDATE personnage SET mp = :mp WHERE id_personnage =:id_personnage : 	 1|37
03/01/2015 22:11:00 UPDATE personnage SET hp = :hp WHERE id_personnage =:id_personnage : 	 1|2
03/01/2015 22:14:05 UPDATE personnage SET experience = :experience WHERE id_personnage =:id_personnage : 	 1|3040
03/01/2015 22:14:05 UPDATE personnage SET hp = :hp WHERE id_personnage =:id_personnage : 	 1|1
03/01/2015 22:15:58 SELECT DISTINCT * FROM personnage WHERE id_personnage = :id_personnage : 	 1
03/01/2015 22:15:58 SELECT DISTINCT * FROM personnage WHERE id_personnage = :id_personnage : 	 5
03/01/2015 22:15:58 SELECT DISTINCT * FROM personnage WHERE id_personnage = :id_personnage : 	 6
03/01/2015 22:15:59 SELECT DISTINCT * FROM personnage WHERE id_personnage = :id_personnage : 	 1
03/01/2015 22:15:59 SELECT DISTINCT * FROM personnage WHERE id_personnage = :id_personnage : 	 5
03/01/2015 22:15:59 SELECT DISTINCT * FROM personnage WHERE id_personnage = :id_personnage : 	 6
03/01/2015 22:16:07 UPDATE personnage SET experience = :experience WHERE id_personnage =:id_personnage : 	 1|3088
03/01/2015 22:16:09 SELECT DISTINCT experience FROM niveau WHERE niveau = :niveau : 	 4
03/01/2015 22:16:09 SELECT DISTINCT experience FROM niveau WHERE niveau = :niveau : 	 3
03/01/2015 22:16:09 SELECT DISTINCT experience FROM niveau WHERE niveau = :niveau : 	 5
03/01/2015 22:16:10 UPDATE personnage SET hp = :hp WHERE id_personnage =:id_personnage : 	 1|0
03/01/2015 22:16:17 UPDATE personnage SET mp = :mp WHERE id_personnage =:id_personnage : 	 1|36
03/01/2015 22:16:25 UPDATE personnage SET hp = :hp WHERE id_personnage = :id_personnage : 	 1|170
03/01/2015 22:16:25 UPDATE personnage SET mp = :mp WHERE id_personnage =:id_personnage : 	 1|60
03/01/2015 22:16:27 SELECT DISTINCT * FROM personnage WHERE id_personnage = :id_personnage : 	 1
03/01/2015 22:16:27 SELECT DISTINCT * FROM personnage WHERE id_personnage = :id_personnage : 	 5
03/01/2015 22:16:27 SELECT DISTINCT * FROM personnage WHERE id_personnage = :id_personnage : 	 6
03/01/2015 22:16:28 SELECT DISTINCT * FROM personnage WHERE id_personnage = :id_personnage : 	 1
03/01/2015 22:16:28 SELECT DISTINCT * FROM personnage WHERE id_personnage = :id_personnage : 	 5
03/01/2015 22:16:28 SELECT DISTINCT * FROM personnage WHERE id_personnage = :id_personnage : 	 6
03/01/2015 22:16:30 UPDATE personnage SET hp = :hp WHERE id_personnage =:id_personnage : 	 1|167
03/01/2015 22:17:36 UPDATE personnage SET hp = :hp WHERE id_personnage =:id_personnage : 	 1|163
03/01/2015 22:17:41 UPDATE personnage SET mp = :mp WHERE id_personnage =:id_personnage : 	 1|59
03/01/2015 22:17:41 UPDATE personnage SET hp = :hp WHERE id_personnage =:id_personnage : 	 1|162
03/01/2015 22:17:46 UPDATE personnage SET mp = :mp WHERE id_personnage =:id_personnage : 	 1|58
03/01/2015 22:17:46 UPDATE personnage SET hp = :hp WHERE id_personnage =:id_personnage : 	 1|158
03/01/2015 22:18:05 UPDATE personnage SET mp = :mp WHERE id_personnage =:id_personnage : 	 1|52
03/01/2015 22:18:05 UPDATE personnage SET hp = :hp WHERE id_personnage =:id_personnage : 	 1|157
03/01/2015 22:18:12 UPDATE personnage SET mp = :mp WHERE id_personnage =:id_personnage : 	 1|46
03/01/2015 22:18:12 UPDATE personnage SET hp = :hp WHERE id_personnage =:id_personnage : 	 1|155
03/01/2015 22:18:49 SELECT DISTINCT * FROM personnage WHERE id_personnage = :id_personnage : 	 1
03/01/2015 22:18:49 SELECT DISTINCT * FROM personnage WHERE id_personnage = :id_personnage : 	 5
03/01/2015 22:18:49 SELECT DISTINCT * FROM personnage WHERE id_personnage = :id_personnage : 	 6
03/01/2015 22:18:50 SELECT DISTINCT * FROM personnage WHERE id_personnage = :id_personnage : 	 1
03/01/2015 22:18:50 SELECT DISTINCT * FROM personnage WHERE id_personnage = :id_personnage : 	 5
03/01/2015 22:18:50 SELECT DISTINCT * FROM personnage WHERE id_personnage = :id_personnage : 	 6
03/01/2015 22:18:51 SELECT DISTINCT * FROM personnage WHERE id_personnage = :id_personnage : 	 1
03/01/2015 22:18:51 SELECT DISTINCT * FROM personnage WHERE id_personnage = :id_personnage : 	 5
03/01/2015 22:18:51 SELECT DISTINCT * FROM personnage WHERE id_personnage = :id_personnage : 	 6
03/01/2015 22:18:53 SELECT DISTINCT * FROM personnage WHERE id_personnage = :id_personnage : 	 1
03/01/2015 22:18:53 SELECT DISTINCT * FROM personnage WHERE id_personnage = :id_personnage : 	 5
03/01/2015 22:18:53 SELECT DISTINCT * FROM personnage WHERE id_personnage = :id_personnage : 	 6
03/01/2015 22:18:53 UPDATE personnage SET id_equipe = :id_equipe WHERE id_personnage= :id_personnage : 	 |5
03/01/2015 22:18:53 UPDATE personnage SET id_equipe = :id_equipe WHERE id_personnage= :id_personnage : 	 1|5
03/01/2015 22:18:53 SELECT DISTINCT * FROM personnage WHERE id_personnage = :id_personnage : 	 5
03/01/2015 22:18:53 SELECT DISTINCT * FROM personnage WHERE id_personnage = :id_personnage : 	 1
03/01/2015 22:18:53 SELECT DISTINCT * FROM personnage WHERE id_personnage = :id_personnage : 	 6
03/01/2015 22:18:55 UPDATE personnage SET hp = :hp WHERE id_personnage = :id_personnage : 	 5|10
03/01/2015 22:18:55 UPDATE personnage SET mp = :mp WHERE id_personnage =:id_personnage : 	 5|5
03/01/2015 22:18:55 UPDATE personnage SET hp = :hp WHERE id_personnage = :id_personnage : 	 1|170
03/01/2015 22:18:55 UPDATE personnage SET mp = :mp WHERE id_personnage =:id_personnage : 	 1|60
03/01/2015 22:24:20 UPDATE personnage SET hp = :hp WHERE id_personnage =:id_personnage : 	 5|6
03/01/2015 22:24:37 UPDATE personnage SET mp = :mp WHERE id_personnage =:id_personnage : 	 1|59
03/01/2015 22:24:37 UPDATE personnage SET hp = :hp WHERE id_personnage =:id_personnage : 	 5|2
03/01/2015 22:24:49 UPDATE personnage SET experience = :experience WHERE id_personnage =:id_personnage : 	 5|7
03/01/2015 22:24:49 UPDATE personnage SET experience = :experience WHERE id_personnage =:id_personnage : 	 1|3160
03/01/2015 22:24:49 UPDATE personnage SET mp = :mp WHERE id_personnage =:id_personnage : 	 5|4
03/01/2015 22:24:49 UPDATE personnage SET hp = :hp WHERE id_personnage =:id_personnage : 	 5|0
03/01/2015 22:25:26 UPDATE personnage SET experience = :experience WHERE id_personnage =:id_personnage : 	 5|9
03/01/2015 22:25:26 UPDATE personnage SET experience = :experience WHERE id_personnage =:id_personnage : 	 1|3232
03/01/2015 22:25:26 UPDATE personnage SET hp = :hp WHERE id_personnage =:id_personnage : 	 1|167
03/01/2015 22:25:30 UPDATE personnage SET experience = :experience WHERE id_personnage =:id_personnage : 	 5|11
03/01/2015 22:25:30 UPDATE personnage SET experience = :experience WHERE id_personnage =:id_personnage : 	 1|3304
03/01/2015 22:25:30 UPDATE personnage SET hp = :hp WHERE id_personnage =:id_personnage : 	 1|166
03/01/2015 22:25:34 UPDATE personnage SET experience = :experience WHERE id_personnage =:id_personnage : 	 5|13
03/01/2015 22:25:34 UPDATE personnage SET experience = :experience WHERE id_personnage =:id_personnage : 	 1|3376
03/01/2015 22:25:34 UPDATE personnage SET hp = :hp WHERE id_personnage =:id_personnage : 	 1|165
03/01/2015 22:25:38 UPDATE personnage SET experience = :experience WHERE id_personnage =:id_personnage : 	 5|15
03/01/2015 22:25:38 UPDATE personnage SET experience = :experience WHERE id_personnage =:id_personnage : 	 1|3448
03/01/2015 22:25:38 UPDATE personnage SET hp = :hp WHERE id_personnage =:id_personnage : 	 1|164
03/01/2015 22:25:41 UPDATE personnage SET experience = :experience WHERE id_personnage =:id_personnage : 	 5|17
03/01/2015 22:25:41 UPDATE personnage SET experience = :experience WHERE id_personnage =:id_personnage : 	 1|3520
03/01/2015 22:25:41 UPDATE personnage SET hp = :hp WHERE id_personnage =:id_personnage : 	 1|163
03/01/2015 22:25:43 UPDATE personnage SET experience = :experience WHERE id_personnage =:id_personnage : 	 5|19
03/01/2015 22:25:43 UPDATE personnage SET experience = :experience WHERE id_personnage =:id_personnage : 	 1|3592
03/01/2015 22:25:43 UPDATE personnage SET hp = :hp WHERE id_personnage =:id_personnage : 	 1|162
03/01/2015 22:25:46 UPDATE personnage SET experience = :experience WHERE id_personnage =:id_personnage : 	 5|21
03/01/2015 22:25:46 UPDATE personnage SET experience = :experience WHERE id_personnage =:id_personnage : 	 1|3664
03/01/2015 22:25:46 UPDATE personnage SET hp = :hp WHERE id_personnage =:id_personnage : 	 1|159
03/01/2015 22:25:50 UPDATE personnage SET experience = :experience WHERE id_personnage =:id_personnage : 	 5|23
03/01/2015 22:25:50 UPDATE personnage SET experience = :experience WHERE id_personnage =:id_personnage : 	 1|3736
03/01/2015 22:25:50 UPDATE personnage SET hp = :hp WHERE id_personnage =:id_personnage : 	 1|155
03/01/2015 22:28:14 UPDATE personnage SET experience = :experience WHERE id_personnage =:id_personnage : 	 5|25
03/01/2015 22:28:14 UPDATE personnage SET experience = :experience WHERE id_personnage =:id_personnage : 	 1|3808
03/01/2015 22:28:14 UPDATE personnage SET hp = :hp WHERE id_personnage =:id_personnage : 	 1|154
03/01/2015 22:28:18 UPDATE personnage SET experience = :experience WHERE id_personnage =:id_personnage : 	 5|27
03/01/2015 22:28:18 UPDATE personnage SET experience = :experience WHERE id_personnage =:id_personnage : 	 1|3880
03/01/2015 22:28:18 UPDATE personnage SET hp = :hp WHERE id_personnage =:id_personnage : 	 1|151
03/01/2015 22:28:30 UPDATE personnage SET experience = :experience WHERE id_personnage =:id_personnage : 	 5|29
03/01/2015 22:28:30 UPDATE personnage SET experience = :experience WHERE id_personnage =:id_personnage : 	 1|3952
03/01/2015 22:28:30 UPDATE personnage SET hp = :hp WHERE id_personnage =:id_personnage : 	 1|147
03/01/2015 22:28:31 UPDATE personnage SET experience = :experience WHERE id_personnage =:id_personnage : 	 5|31
03/01/2015 22:28:31 UPDATE personnage SET niveau = :niveau WHERE id_personnage =:id_personnage : 	 5|2
03/01/2015 22:28:31 UPDATE personnage SET puissance = :puissance WHERE id_personnage =:id_personnage : 	 5|6
03/01/2015 22:28:31 UPDATE personnage SET defense = :defense WHERE id_personnage =:id_personnage : 	 5|2
03/01/2015 22:28:31 UPDATE personnage SET hp_max = :hp_max, hp = :hp_max WHERE id_personnage = :id_personnage : 	 5|20
03/01/2015 22:28:31 UPDATE personnage SET mp_max = :mp_max, mp = :mp_max WHERE id_personnage = :id_personnage : 	 5|10
03/01/2015 22:28:31 UPDATE personnage SET experience = :experience WHERE id_personnage =:id_personnage : 	 1|4024
03/01/2015 22:28:31 UPDATE personnage SET niveau = :niveau WHERE id_personnage =:id_personnage : 	 1|11
03/01/2015 22:28:31 UPDATE personnage SET puissance = :puissance WHERE id_personnage =:id_personnage : 	 1|36
03/01/2015 22:28:31 UPDATE personnage SET defense = :defense WHERE id_personnage =:id_personnage : 	 1|11
03/01/2015 22:28:31 UPDATE personnage SET hp_max = :hp_max, hp = :hp_max WHERE id_personnage = :id_personnage : 	 1|180
03/01/2015 22:28:31 UPDATE personnage SET mp_max = :mp_max, mp = :mp_max WHERE id_personnage = :id_personnage : 	 1|65
03/01/2015 22:28:31 UPDATE personnage SET hp = :hp WHERE id_personnage =:id_personnage : 	 5|19
03/01/2015 22:28:35 UPDATE personnage SET experience = :experience WHERE id_personnage =:id_personnage : 	 5|32
03/01/2015 22:30:10 SELECT DISTINCT * FROM personnage WHERE id_personnage = :id_personnage : 	 5
03/01/2015 22:30:10 SELECT DISTINCT * FROM personnage WHERE id_personnage = :id_personnage : 	 1
03/01/2015 22:30:10 SELECT DISTINCT * FROM personnage WHERE id_personnage = :id_personnage : 	 6
03/01/2015 22:30:13 SELECT DISTINCT * FROM personnage WHERE id_personnage = :id_personnage : 	 5
03/01/2015 22:30:13 SELECT DISTINCT * FROM personnage WHERE id_personnage = :id_personnage : 	 1
03/01/2015 22:30:13 SELECT DISTINCT * FROM personnage WHERE id_personnage = :id_personnage : 	 6
03/01/2015 22:30:18 UPDATE personnage SET experience = :experience WHERE id_personnage =:id_personnage : 	 5|33
03/01/2015 22:30:45 UPDATE personnage SET experience = :experience WHERE id_personnage =:id_personnage : 	 5|33
03/01/2015 22:30:47 UPDATE personnage SET experience = :experience WHERE id_personnage =:id_personnage : 	 5|33
03/01/2015 22:30:49 UPDATE personnage SET experience = :experience WHERE id_personnage =:id_personnage : 	 5|33
03/01/2015 22:31:49 UPDATE personnage SET experience = :experience WHERE id_personnage =:id_personnage : 	 5|33
03/01/2015 22:32:45 UPDATE personnage SET experience = :experience WHERE id_personnage =:id_personnage : 	 5|33
03/01/2015 22:32:46 UPDATE personnage SET experience = :experience WHERE id_personnage =:id_personnage : 	 5|33
03/01/2015 22:32:48 UPDATE personnage SET experience = :experience WHERE id_personnage =:id_personnage : 	 5|33
03/01/2015 22:32:59 SELECT DISTINCT * FROM personnage WHERE id_personnage = :id_personnage : 	 5
03/01/2015 22:32:59 SELECT DISTINCT * FROM personnage WHERE id_personnage = :id_personnage : 	 1
03/01/2015 22:32:59 SELECT DISTINCT * FROM personnage WHERE id_personnage = :id_personnage : 	 6
03/01/2015 22:33:00 SELECT DISTINCT experience FROM niveau WHERE niveau = :niveau : 	 4
03/01/2015 22:33:00 SELECT DISTINCT experience FROM niveau WHERE niveau = :niveau : 	 5
03/01/2015 22:33:00 SELECT DISTINCT experience FROM niveau WHERE niveau = :niveau : 	 6
03/01/2015 22:33:12 UPDATE personnage SET hp = :hp WHERE id_personnage =:id_personnage : 	 5|16
03/01/2015 22:33:49 UPDATE personnage SET hp = :hp WHERE id_personnage =:id_personnage : 	 5|10
03/01/2015 22:34:00 UPDATE personnage SET hp = :hp WHERE id_personnage =:id_personnage : 	 5|1
03/01/2015 22:34:23 UPDATE personnage SET hp = :hp WHERE id_personnage =:id_personnage : 	 5|0
03/01/2015 22:35:28 SELECT DISTINCT * FROM personnage WHERE id_personnage = :id_personnage : 	 5
03/01/2015 22:35:28 SELECT DISTINCT * FROM personnage WHERE id_personnage = :id_personnage : 	 1
03/01/2015 22:35:28 SELECT DISTINCT * FROM personnage WHERE id_personnage = :id_personnage : 	 6
03/01/2015 22:35:28 SELECT DISTINCT experience FROM niveau WHERE niveau = :niveau : 	 4
03/01/2015 22:35:28 SELECT DISTINCT experience FROM niveau WHERE niveau = :niveau : 	 3
03/01/2015 22:35:28 SELECT DISTINCT experience FROM niveau WHERE niveau = :niveau : 	 2
03/01/2015 22:35:28 SELECT DISTINCT experience FROM niveau WHERE niveau = :niveau : 	 1
03/01/2015 22:35:28 SELECT DISTINCT experience FROM niveau WHERE niveau = :niveau : 	 5
03/01/2015 22:35:30 UPDATE personnage SET hp = :hp WHERE id_personnage =:id_personnage : 	 1|176
03/01/2015 22:35:36 UPDATE personnage SET mp = :mp WHERE id_personnage =:id_personnage : 	 1|64
03/01/2015 22:35:36 UPDATE personnage SET hp = :hp WHERE id_personnage =:id_personnage : 	 1|173
03/01/2015 22:37:03 UPDATE personnage SET hp = :hp WHERE id_personnage =:id_personnage : 	 1|172
03/01/2015 22:37:07 UPDATE personnage SET mp = :mp WHERE id_personnage =:id_personnage : 	 1|63
03/01/2015 22:37:07 UPDATE personnage SET hp = :hp WHERE id_personnage =:id_personnage : 	 1|171
03/01/2015 22:39:07 UPDATE personnage SET hp = :hp WHERE id_personnage =:id_personnage : 	 1|170
03/01/2015 22:41:02 UPDATE personnage SET mp = :mp WHERE id_personnage =:id_personnage : 	 1|62
03/01/2015 22:41:02 UPDATE personnage SET hp = :hp WHERE id_personnage =:id_personnage : 	 1|169
03/01/2015 22:41:17 UPDATE personnage SET hp = :hp WHERE id_personnage =:id_personnage : 	 1|168
03/01/2015 22:42:53 UPDATE personnage SET mp = :mp WHERE id_personnage =:id_personnage : 	 1|61
03/01/2015 22:42:53 UPDATE personnage SET hp = :hp WHERE id_personnage =:id_personnage : 	 1|167
03/01/2015 22:43:07 UPDATE personnage SET hp = :hp WHERE id_personnage =:id_personnage : 	 1|166
03/01/2015 22:43:18 UPDATE personnage SET mp = :mp WHERE id_personnage =:id_personnage : 	 1|55
03/01/2015 22:43:18 UPDATE personnage SET hp = :hp WHERE id_personnage =:id_personnage : 	 1|165
03/01/2015 22:44:02 UPDATE personnage SET hp = :hp WHERE id_personnage =:id_personnage : 	 1|160
03/01/2015 22:44:24 UPDATE personnage SET mp = :mp WHERE id_personnage =:id_personnage : 	 1|49
03/01/2015 22:44:24 UPDATE personnage SET hp = :hp WHERE id_personnage =:id_personnage : 	 1|159
03/01/2015 22:45:17 UPDATE personnage SET hp = :hp WHERE id_personnage =:id_personnage : 	 1|156
03/01/2015 22:45:30 UPDATE personnage SET mp = :mp WHERE id_personnage =:id_personnage : 	 1|48
03/01/2015 22:45:30 UPDATE personnage SET hp = :hp WHERE id_personnage =:id_personnage : 	 1|155
03/01/2015 22:46:00 UPDATE personnage SET hp = :hp WHERE id_personnage =:id_personnage : 	 1|150
03/01/2015 22:47:21 UPDATE personnage SET mp = :mp WHERE id_personnage =:id_personnage : 	 1|47
03/01/2015 22:47:21 UPDATE personnage SET hp = :hp WHERE id_personnage =:id_personnage : 	 1|146
03/01/2015 22:47:25 UPDATE personnage SET hp = :hp WHERE id_personnage =:id_personnage : 	 1|145
03/01/2015 22:47:30 UPDATE personnage SET mp = :mp WHERE id_personnage =:id_personnage : 	 1|46
03/01/2015 22:47:30 UPDATE personnage SET hp = :hp WHERE id_personnage =:id_personnage : 	 1|144
03/01/2015 22:47:35 UPDATE personnage SET hp = :hp WHERE id_personnage =:id_personnage : 	 1|143
03/01/2015 22:49:23 UPDATE personnage SET mp = :mp WHERE id_personnage =:id_personnage : 	 1|45
03/01/2015 22:49:23 UPDATE personnage SET hp = :hp WHERE id_personnage =:id_personnage : 	 1|138
03/01/2015 22:49:27 UPDATE personnage SET mp = :mp WHERE id_personnage =:id_personnage : 	 1|44
03/01/2015 22:49:27 UPDATE personnage SET hp = :hp WHERE id_personnage =:id_personnage : 	 1|135
03/01/2015 22:49:40 UPDATE personnage SET mp = :mp WHERE id_personnage =:id_personnage : 	 1|43
03/01/2015 22:49:40 UPDATE personnage SET hp = :hp WHERE id_personnage =:id_personnage : 	 1|134
03/01/2015 22:50:05 UPDATE personnage SET mp = :mp WHERE id_personnage =:id_personnage : 	 1|37
03/01/2015 22:50:05 UPDATE personnage SET hp = :hp WHERE id_personnage =:id_personnage : 	 1|133
03/01/2015 22:50:11 UPDATE personnage SET mp = :mp WHERE id_personnage =:id_personnage : 	 1|31
03/01/2015 22:50:11 UPDATE personnage SET hp = :hp WHERE id_personnage =:id_personnage : 	 1|130
03/01/2015 22:50:16 UPDATE personnage SET mp = :mp WHERE id_personnage =:id_personnage : 	 1|25
03/01/2015 22:50:16 UPDATE personnage SET hp = :hp WHERE id_personnage =:id_personnage : 	 1|124
03/01/2015 22:50:21 UPDATE personnage SET mp = :mp WHERE id_personnage =:id_personnage : 	 1|19
03/01/2015 22:50:21 UPDATE personnage SET hp = :hp WHERE id_personnage =:id_personnage : 	 1|121
03/01/2015 22:50:23 UPDATE personnage SET mp = :mp WHERE id_personnage =:id_personnage : 	 1|13
03/01/2015 22:50:24 UPDATE personnage SET hp = :hp WHERE id_personnage =:id_personnage : 	 1|116
03/01/2015 22:50:30 UPDATE personnage SET mp = :mp WHERE id_personnage =:id_personnage : 	 1|7
03/01/2015 22:50:30 UPDATE personnage SET hp = :hp WHERE id_personnage =:id_personnage : 	 1|115
03/01/2015 22:51:16 UPDATE personnage SET mp = :mp WHERE id_personnage =:id_personnage : 	 1|1
03/01/2015 22:51:16 UPDATE personnage SET hp = :hp WHERE id_personnage =:id_personnage : 	 1|114
03/01/2015 22:51:20 UPDATE personnage SET mp = :mp WHERE id_personnage =:id_personnage : 	 1|0
03/01/2015 22:51:20 UPDATE personnage SET hp = :hp WHERE id_personnage =:id_personnage : 	 1|111
03/01/2015 22:51:23 UPDATE personnage SET hp = :hp WHERE id_personnage =:id_personnage : 	 1|108
03/01/2015 22:51:29 UPDATE personnage SET hp = :hp WHERE id_personnage =:id_personnage : 	 1|107
03/01/2015 22:51:34 UPDATE personnage SET hp = :hp WHERE id_personnage =:id_personnage : 	 1|106
03/01/2015 22:51:48 UPDATE personnage SET mp = :mp WHERE id_personnage =:id_personnage : 	 1|0
03/01/2015 22:51:48 UPDATE personnage SET hp = :hp WHERE id_personnage =:id_personnage : 	 1|105
03/01/2015 22:51:55 UPDATE personnage SET mp = :mp WHERE id_personnage =:id_personnage : 	 1|0
03/01/2015 22:51:55 UPDATE personnage SET hp = :hp WHERE id_personnage =:id_personnage : 	 1|104
03/01/2015 22:52:03 UPDATE personnage SET experience = :experience WHERE id_personnage =:id_personnage : 	 5|35
03/01/2015 22:52:03 UPDATE personnage SET experience = :experience WHERE id_personnage =:id_personnage : 	 1|4264
03/01/2015 22:52:03 SELECT DISTINCT experience FROM niveau WHERE niveau = :niveau : 	 2
03/01/2015 22:52:03 SELECT DISTINCT experience FROM niveau WHERE niveau = :niveau : 	 4
03/01/2015 22:52:03 SELECT DISTINCT experience FROM niveau WHERE niveau = :niveau : 	 2
03/01/2015 22:52:03 SELECT DISTINCT experience FROM niveau WHERE niveau = :niveau : 	 1
03/01/2015 22:52:03 SELECT DISTINCT experience FROM niveau WHERE niveau = :niveau : 	 5
03/01/2015 22:52:33 SELECT DISTINCT experience FROM niveau WHERE niveau = :niveau : 	 4
03/01/2015 22:52:33 SELECT DISTINCT experience FROM niveau WHERE niveau = :niveau : 	 5
03/01/2015 22:52:33 SELECT DISTINCT experience FROM niveau WHERE niveau = :niveau : 	 4
03/01/2015 22:52:56 SELECT DISTINCT * FROM personnage WHERE id_personnage = :id_personnage : 	 5
03/01/2015 22:52:56 SELECT DISTINCT * FROM personnage WHERE id_personnage = :id_personnage : 	 1
03/01/2015 22:52:56 SELECT DISTINCT * FROM personnage WHERE id_personnage = :id_personnage : 	 6
03/01/2015 22:52:57 SELECT DISTINCT * FROM personnage WHERE id_personnage = :id_personnage : 	 5
03/01/2015 22:52:57 SELECT DISTINCT * FROM personnage WHERE id_personnage = :id_personnage : 	 1
03/01/2015 22:52:57 SELECT DISTINCT * FROM personnage WHERE id_personnage = :id_personnage : 	 6
03/01/2015 22:53:59 SELECT DISTINCT experience FROM niveau WHERE niveau = :niveau : 	 2
03/01/2015 22:53:59 SELECT DISTINCT experience FROM niveau WHERE niveau = :niveau : 	 4
03/01/2015 22:53:59 SELECT DISTINCT experience FROM niveau WHERE niveau = :niveau : 	 2
03/01/2015 22:53:59 SELECT DISTINCT experience FROM niveau WHERE niveau = :niveau : 	 3
03/01/2015 22:53:59 SELECT DISTINCT experience FROM niveau WHERE niveau = :niveau : 	 4
03/01/2015 22:53:59 UPDATE personnage SET id_equipe = :id_equipe WHERE id_personnage= :id_personnage : 	 |5
03/01/2015 22:53:59 UPDATE personnage SET id_equipe = :id_equipe WHERE id_personnage= :id_personnage : 	 2|5
03/01/2015 22:53:59 UPDATE personnage SET mp = :mp WHERE id_personnage =:id_personnage : 	 1|0
03/01/2015 22:53:59 UPDATE personnage SET hp = :hp WHERE id_personnage =:id_personnage : 	 1|101
03/01/2015 22:53:59 UPDATE personnage SET hp = :hp WHERE id_personnage =:id_personnage : 	 1|100
03/01/2015 22:53:59 UPDATE personnage SET hp = :hp WHERE id_personnage =:id_personnage : 	 1|99
03/01/2015 22:53:59 UPDATE personnage SET hp = :hp WHERE id_personnage =:id_personnage : 	 1|98
03/01/2015 22:53:59 UPDATE personnage SET hp = :hp WHERE id_personnage =:id_personnage : 	 1|95
03/01/2015 22:53:59 UPDATE personnage SET mp = :mp WHERE id_personnage =:id_personnage : 	 1|0
03/01/2015 22:53:59 UPDATE personnage SET hp = :hp WHERE id_personnage =:id_personnage : 	 1|94
03/01/2015 22:53:59 UPDATE personnage SET hp = :hp WHERE id_personnage =:id_personnage : 	 1|93
03/01/2015 22:53:59 UPDATE personnage SET hp = :hp WHERE id_personnage =:id_personnage : 	 1|92
03/01/2015 22:53:59 UPDATE personnage SET hp = :hp WHERE id_personnage =:id_personnage : 	 1|90
03/01/2015 22:53:59 UPDATE personnage SET mp = :mp WHERE id_personnage =:id_personnage : 	 1|0
03/01/2015 22:53:59 UPDATE personnage SET hp = :hp WHERE id_personnage =:id_personnage : 	 1|89
03/01/2015 22:53:59 UPDATE personnage SET hp = :hp WHERE id_personnage =:id_personnage : 	 1|88
03/01/2015 22:53:59 UPDATE personnage SET hp = :hp WHERE id_personnage =:id_personnage : 	 1|85
03/01/2015 22:53:59 UPDATE personnage SET mp = :mp WHERE id_personnage =:id_personnage : 	 1|0
03/01/2015 22:53:59 UPDATE personnage SET hp = :hp WHERE id_personnage =:id_personnage : 	 1|81
03/01/2015 22:53:59 UPDATE personnage SET hp = :hp WHERE id_personnage =:id_personnage : 	 1|76
03/01/2015 22:53:59 UPDATE personnage SET hp = :hp WHERE id_personnage =:id_personnage : 	 1|74
03/01/2015 22:53:59 UPDATE personnage SET mp = :mp WHERE id_personnage =:id_personnage : 	 1|0
03/01/2015 22:53:59 UPDATE personnage SET hp = :hp WHERE id_personnage =:id_personnage : 	 1|70
03/01/2015 22:53:59 UPDATE personnage SET hp = :hp WHERE id_personnage =:id_personnage : 	 1|69
03/01/2015 22:53:59 UPDATE personnage SET hp = :hp WHERE id_personnage =:id_personnage : 	 1|67
03/01/2015 22:53:59 UPDATE personnage SET mp = :mp WHERE id_personnage =:id_personnage : 	 1|0
03/01/2015 22:53:59 UPDATE personnage SET hp = :hp WHERE id_personnage =:id_personnage : 	 1|66
03/01/2015 22:54:00 UPDATE personnage SET hp = :hp WHERE id_personnage =:id_personnage : 	 1|65
03/01/2015 22:54:00 UPDATE personnage SET hp = :hp WHERE id_personnage =:id_personnage : 	 1|63
03/01/2015 22:54:00 UPDATE personnage SET mp = :mp WHERE id_personnage =:id_personnage : 	 1|0
03/01/2015 22:54:00 UPDATE personnage SET hp = :hp WHERE id_personnage =:id_personnage : 	 1|62
03/01/2015 22:54:00 UPDATE personnage SET hp = :hp WHERE id_personnage =:id_personnage : 	 1|61
03/01/2015 22:54:00 UPDATE personnage SET mp = :mp WHERE id_personnage =:id_personnage : 	 1|0
03/01/2015 22:54:00 UPDATE personnage SET hp = :hp WHERE id_personnage =:id_personnage : 	 1|60
03/01/2015 22:54:00 UPDATE personnage SET hp = :hp WHERE id_personnage =:id_personnage : 	 1|59
03/01/2015 22:54:00 UPDATE personnage SET mp = :mp WHERE id_personnage =:id_personnage : 	 1|0
03/01/2015 22:54:00 UPDATE personnage SET hp = :hp WHERE id_personnage =:id_personnage : 	 1|58
03/01/2015 22:54:00 UPDATE personnage SET mp = :mp WHERE id_personnage =:id_personnage : 	 1|0
03/01/2015 22:54:00 UPDATE personnage SET hp = :hp WHERE id_personnage =:id_personnage : 	 1|56
03/01/2015 22:54:00 UPDATE personnage SET mp = :mp WHERE id_personnage =:id_personnage : 	 1|0
03/01/2015 22:54:00 UPDATE personnage SET experience = :experience WHERE id_personnage =:id_personnage : 	 1|4424
03/01/2015 22:54:11 SELECT DISTINCT * FROM personnage WHERE id_personnage = :id_personnage : 	 1
03/01/2015 22:54:11 SELECT DISTINCT * FROM personnage WHERE id_personnage = :id_personnage : 	 6
03/01/2015 22:54:11 SELECT DISTINCT * FROM personnage WHERE id_personnage = :id_personnage : 	 5
03/01/2015 22:54:12 SELECT DISTINCT experience FROM niveau WHERE niveau = :niveau : 	 4
03/01/2015 22:54:12 SELECT DISTINCT experience FROM niveau WHERE niveau = :niveau : 	 2
03/01/2015 22:54:12 SELECT DISTINCT experience FROM niveau WHERE niveau = :niveau : 	 3
03/01/2015 22:54:12 SELECT DISTINCT experience FROM niveau WHERE niveau = :niveau : 	 5
03/01/2015 22:54:15 UPDATE personnage SET hp = :hp WHERE id_personnage = :id_personnage : 	 1|180
03/01/2015 22:54:15 UPDATE personnage SET mp = :mp WHERE id_personnage =:id_personnage : 	 1|65
03/01/2015 22:54:18 SELECT DISTINCT * FROM personnage WHERE id_personnage = :id_personnage : 	 1
03/01/2015 22:54:18 SELECT DISTINCT * FROM personnage WHERE id_personnage = :id_personnage : 	 6
03/01/2015 22:54:18 SELECT DISTINCT * FROM personnage WHERE id_personnage = :id_personnage : 	 5
03/01/2015 22:54:19 SELECT DISTINCT * FROM personnage WHERE id_personnage = :id_personnage : 	 1
03/01/2015 22:54:19 SELECT DISTINCT * FROM personnage WHERE id_personnage = :id_personnage : 	 6
03/01/2015 22:54:19 SELECT DISTINCT * FROM personnage WHERE id_personnage = :id_personnage : 	 5
03/01/2015 22:54:32 UPDATE personnage SET hp = :hp WHERE id_personnage =:id_personnage : 	 1|179
03/01/2015 22:56:42 UPDATE personnage SET hp = :hp WHERE id_personnage =:id_personnage : 	 1|171
03/01/2015 22:56:47 UPDATE personnage SET mp = :mp WHERE id_personnage =:id_personnage : 	 1|64
03/01/2015 22:56:47 UPDATE personnage SET hp = :hp WHERE id_personnage =:id_personnage : 	 1|170
03/01/2015 22:56:54 UPDATE personnage SET mp = :mp WHERE id_personnage =:id_personnage : 	 1|63
03/01/2015 22:56:54 UPDATE personnage SET hp = :hp WHERE id_personnage =:id_personnage : 	 1|169
03/01/2015 22:57:36 UPDATE personnage SET mp = :mp WHERE id_personnage =:id_personnage : 	 1|62
03/01/2015 22:57:36 UPDATE personnage SET hp = :hp WHERE id_personnage =:id_personnage : 	 1|168
03/01/2015 22:58:12 UPDATE personnage SET mp = :mp WHERE id_personnage =:id_personnage : 	 1|61
03/01/2015 22:58:12 UPDATE personnage SET hp = :hp WHERE id_personnage =:id_personnage : 	 1|167
03/01/2015 22:58:17 UPDATE personnage SET mp = :mp WHERE id_personnage =:id_personnage : 	 1|60
03/01/2015 22:58:17 UPDATE personnage SET hp = :hp WHERE id_personnage =:id_personnage : 	 1|166
03/01/2015 22:58:24 UPDATE personnage SET mp = :mp WHERE id_personnage =:id_personnage : 	 1|54
03/01/2015 22:58:24 UPDATE personnage SET hp = :hp WHERE id_personnage =:id_personnage : 	 1|165
03/01/2015 22:58:37 UPDATE personnage SET mp = :mp WHERE id_personnage =:id_personnage : 	 1|54
03/01/2015 22:58:37 UPDATE personnage SET hp = :hp WHERE id_personnage =:id_personnage : 	 1|162
03/01/2015 22:58:46 UPDATE personnage SET mp = :mp WHERE id_personnage =:id_personnage : 	 1|48
03/01/2015 22:58:46 UPDATE personnage SET hp = :hp WHERE id_personnage =:id_personnage : 	 1|159
03/01/2015 22:58:56 UPDATE personnage SET mp = :mp WHERE id_personnage =:id_personnage : 	 1|42
03/01/2015 22:58:56 UPDATE personnage SET hp = :hp WHERE id_personnage =:id_personnage : 	 1|156
03/01/2015 22:59:07 UPDATE personnage SET mp = :mp WHERE id_personnage =:id_personnage : 	 1|36
03/01/2015 22:59:07 UPDATE personnage SET hp = :hp WHERE id_personnage =:id_personnage : 	 1|155
03/01/2015 22:59:13 UPDATE personnage SET experience = :experience WHERE id_personnage =:id_personnage : 	 1|4664
03/01/2015 22:59:13 SELECT DISTINCT experience FROM niveau WHERE niveau = :niveau : 	 2
03/01/2015 22:59:13 SELECT DISTINCT experience FROM niveau WHERE niveau = :niveau : 	 1
03/01/2015 22:59:13 SELECT DISTINCT experience FROM niveau WHERE niveau = :niveau : 	 2
03/01/2015 22:59:13 SELECT DISTINCT experience FROM niveau WHERE niveau = :niveau : 	 4
03/01/2015 22:59:13 SELECT DISTINCT experience FROM niveau WHERE niveau = :niveau : 	 4
03/01/2015 22:59:13 UPDATE personnage SET mp = :mp WHERE id_personnage =:id_personnage : 	 1|30
03/01/2015 22:59:13 UPDATE personnage SET hp = :hp WHERE id_personnage =:id_personnage : 	 1|151
03/01/2015 22:59:19 UPDATE personnage SET experience = :experience WHERE id_personnage =:id_personnage : 	 1|4904
03/01/2015 22:59:19 SELECT DISTINCT experience FROM niveau WHERE niveau = :niveau : 	 3
03/01/2015 22:59:19 SELECT DISTINCT experience FROM niveau WHERE niveau = :niveau : 	 2
03/01/2015 22:59:19 SELECT DISTINCT experience FROM niveau WHERE niveau = :niveau : 	 2
03/01/2015 22:59:19 SELECT DISTINCT experience FROM niveau WHERE niveau = :niveau : 	 5
03/01/2015 22:59:19 UPDATE personnage SET hp = :hp WHERE id_personnage =:id_personnage : 	 1|150
03/01/2015 22:59:22 UPDATE personnage SET experience = :experience WHERE id_personnage =:id_personnage : 	 1|5144
03/01/2015 22:59:22 SELECT DISTINCT experience FROM niveau WHERE niveau = :niveau : 	 3
03/01/2015 22:59:23 SELECT DISTINCT experience FROM niveau WHERE niveau = :niveau : 	 1
03/01/2015 22:59:23 SELECT DISTINCT experience FROM niveau WHERE niveau = :niveau : 	 2
03/01/2015 22:59:23 SELECT DISTINCT experience FROM niveau WHERE niveau = :niveau : 	 4
03/01/2015 22:59:23 SELECT DISTINCT experience FROM niveau WHERE niveau = :niveau : 	 2
03/01/2015 22:59:23 UPDATE personnage SET hp = :hp WHERE id_personnage =:id_personnage : 	 1|149
03/01/2015 23:01:08 UPDATE personnage SET experience = :experience WHERE id_personnage =:id_personnage : 	 1|5384
03/01/2015 23:01:08 SELECT DISTINCT experience FROM niveau WHERE niveau = :niveau : 	 5
03/01/2015 23:01:08 SELECT DISTINCT experience FROM niveau WHERE niveau = :niveau : 	 5
03/01/2015 23:01:08 SELECT DISTINCT experience FROM niveau WHERE niveau = :niveau : 	 2
03/01/2015 23:01:08 SELECT DISTINCT experience FROM niveau WHERE niveau = :niveau : 	 2
03/01/2015 23:01:08 SELECT DISTINCT experience FROM niveau WHERE niveau = :niveau : 	 4
03/01/2015 23:01:08 SELECT DISTINCT experience FROM niveau WHERE niveau = :niveau : 	 2
03/01/2015 23:01:08 SELECT DISTINCT experience FROM niveau WHERE niveau = :niveau : 	 2
03/01/2015 23:01:08 SELECT DISTINCT experience FROM niveau WHERE niveau = :niveau : 	 1
03/01/2015 23:01:08 UPDATE personnage SET hp = :hp WHERE id_personnage =:id_personnage : 	 1|148
03/01/2015 23:01:12 UPDATE personnage SET hp = :hp WHERE id_personnage =:id_personnage : 	 1|146
03/01/2015 23:01:42 UPDATE personnage SET hp = :hp WHERE id_personnage =:id_personnage : 	 1|145
