16/01/2015 20:49:31 ___________________________________________
16/01/2015 20:49:31 SELECT id_user, username, argent,nombre_victoire, nombre_defaite FROM users WHERE username = :username AND id_user = :id_user : 	 Soldi|3
16/01/2015 20:49:31 SELECT id_equipe FROM equipe WHERE id_user = :id_user : 	 3
16/01/2015 20:53:48 ___________________________________________
16/01/2015 20:53:48 SELECT id_user, username, argent,nombre_victoire, nombre_defaite FROM users WHERE username = :username AND id_user = :id_user : 	 Soldi|3
16/01/2015 20:53:48 SELECT id_equipe FROM equipe WHERE id_user = :id_user : 	 3
16/01/2015 20:56:23 ___________________________________________
16/01/2015 20:56:23 SELECT id_user, username, argent,nombre_victoire, nombre_defaite FROM users WHERE username = :username AND id_user = :id_user : 	 Soldi|3
16/01/2015 20:56:23 SELECT id_equipe FROM equipe WHERE id_user = :id_user : 	 3
16/01/2015 20:56:34 ___________________________________________
16/01/2015 20:56:34 SELECT id_user, username, argent,nombre_victoire, nombre_defaite FROM users WHERE username = :username AND id_user = :id_user : 	 Soldi|3
16/01/2015 20:56:34 SELECT id_equipe FROM equipe WHERE id_user = :id_user : 	 3
16/01/2015 20:56:35 SELECT  users.username, personnage.nom,element.nom as element, personnage.niveau, personnage.experience, personnage.attaques, personnage.hp_max, personnage.mp_max, personnage.puissance, personnage.defense  FROM
  ((users INNER JOIN equipe ON users.id_user = equipe.id_user)
    INNER JOIN personnage ON equipe.id_equipe = personnage.id_equipe) INNER JOIN element ON personnage.element = element.id_element
WHERE 1 = 1 order by personnage.niveau DESC, personnage.experience DESC; : 	 
16/01/2015 21:06:53 ___________________________________________
16/01/2015 21:06:53 SELECT id_user, username, argent,nombre_victoire, nombre_defaite FROM users WHERE username = :username AND id_user = :id_user : 	 Soldi|3
16/01/2015 21:06:53 SELECT id_equipe FROM equipe WHERE id_user = :id_user : 	 3
16/01/2015 21:08:39 ___________________________________________
16/01/2015 21:08:39 SELECT id_user, username, argent,nombre_victoire, nombre_defaite FROM users WHERE username = :username AND id_user = :id_user : 	 Soldi|3
16/01/2015 21:08:39 SELECT id_equipe FROM equipe WHERE id_user = :id_user : 	 3
16/01/2015 21:08:45 ___________________________________________
16/01/2015 21:08:45 SELECT id_user, username, argent,nombre_victoire, nombre_defaite FROM users WHERE username = :username AND id_user = :id_user : 	 Soldi|3
16/01/2015 21:08:45 SELECT id_equipe FROM equipe WHERE id_user = :id_user : 	 3
